<?xml version="1.0" encoding="utf-8"?>
<TestRun id="1151840c-f08d-4387-b652-e1a127688e18" name="@MacBook-Air-de-Ines-3 2025-10-21 10:47:07" xmlns="http://microsoft.com/schemas/VisualStudio/TeamTest/2010">
  <Times creation="2025-10-21T10:47:07.5209600+01:00" queuing="2025-10-21T10:47:07.5209600+01:00" start="2025-10-21T10:47:06.1027680+01:00" finish="2025-10-21T10:47:07.5538080+01:00" />
  <TestSettings name="default" id="14e67af1-6c3e-43cc-b6f9-61e1a32b1d3d">
    <Deployment runDeploymentRoot="_MacBook-Air-de-Ines-3_2025-10-21_10_47_07" />
  </TestSettings>
  <Results>
    <UnitTestResult executionId="2d5df472-aa08-4b87-9f7c-05df34eeda97" testId="5170afce-e77a-882b-b098-fc68916183c6" testName="PortProject.Api.Integration_Tests.VesselTest.Get_VesselByImo_ReturnsCorrectVessel" computerName="MacBook-Air-de-Ines-3" duration="00:00:00.0022582" startTime="2025-10-21T10:47:07.4922230+01:00" endTime="2025-10-21T10:47:07.4922230+01:00" testType="13cdc9d9-ddb5-4fa4-a97d-d965ccfc6d4b" outcome="Failed" testListId="8c84fa94-04c1-424b-9868-57a2d4851a1d" relativeResultsDirectory="2d5df472-aa08-4b87-9f7c-05df34eeda97">
      <Output>
        <ErrorInfo>
          <Message>Microsoft.EntityFrameworkCore.DbUpdateException : An error occurred while saving the entity changes. See the inner exception for details.
---- Microsoft.Data.Sqlite.SqliteException : SQLite Error 19: 'FOREIGN KEY constraint failed'.</Message>
          <StackTrace>   at Microsoft.EntityFrameworkCore.Update.ReaderModificationCommandBatch.Execute(IRelationalConnection connection)
   at Microsoft.EntityFrameworkCore.Update.Internal.BatchExecutor.Execute(IEnumerable`1 commandBatches, IRelationalConnection connection)
   at Microsoft.EntityFrameworkCore.Storage.RelationalDatabase.SaveChanges(IList`1 entries)
   at Microsoft.EntityFrameworkCore.ChangeTracking.Internal.StateManager.SaveChanges(IList`1 entriesToSave)
   at Microsoft.EntityFrameworkCore.ChangeTracking.Internal.StateManager.SaveChanges(StateManager stateManager, Boolean acceptAllChangesOnSuccess)
   at Microsoft.EntityFrameworkCore.ChangeTracking.Internal.StateManager.&lt;&gt;c.&lt;SaveChanges&gt;b__112_0(DbContext _, ValueTuple`2 t)
   at Microsoft.EntityFrameworkCore.Storage.NonRetryingExecutionStrategy.Execute[TState,TResult](TState state, Func`3 operation, Func`3 verifySucceeded)
   at Microsoft.EntityFrameworkCore.ChangeTracking.Internal.StateManager.SaveChanges(Boolean acceptAllChangesOnSuccess)
   at Microsoft.EntityFrameworkCore.DbContext.SaveChanges(Boolean acceptAllChangesOnSuccess)
   at Microsoft.EntityFrameworkCore.DbContext.SaveChanges()
   at PortProject.Api.Integration_Tests.Helpers.VesselTypeUtilities.ReinitializeDbForTests(PortProjectContext db) in /Users/inesgomesoliveira/RiderProjects/LEI-SEM5-PI-2025-26-3DL-02- NOVO/PortProject.Api.Integration_Tests/Helpers/Utilities.cs:line 31
   at PortProject.Api.Integration_Tests.VesselTest.ReinitializeVesselsDb(PortProjectContext db) in /Users/inesgomesoliveira/RiderProjects/LEI-SEM5-PI-2025-26-3DL-02- NOVO/PortProject.Api.Integration_Tests/VesselTest.cs:line 33
   at PortProject.Api.Integration_Tests.VesselTest.Get_VesselByImo_ReturnsCorrectVessel() in /Users/inesgomesoliveira/RiderProjects/LEI-SEM5-PI-2025-26-3DL-02- NOVO/PortProject.Api.Integration_Tests/VesselTest.cs:line 98
--- End of stack trace from previous location ---
----- Inner Stack Trace -----
   at Microsoft.Data.Sqlite.SqliteException.ThrowExceptionForRC(Int32 rc, sqlite3 db)
   at Microsoft.Data.Sqlite.SqliteDataReader.NextResult()
   at Microsoft.Data.Sqlite.SqliteCommand.ExecuteReader(CommandBehavior behavior)
   at Microsoft.Data.Sqlite.SqliteCommand.ExecuteDbDataReader(CommandBehavior behavior)
   at Microsoft.EntityFrameworkCore.Storage.RelationalCommand.ExecuteReader(RelationalCommandParameterObject parameterObject)
   at Microsoft.EntityFrameworkCore.Update.ReaderModificationCommandBatch.Execute(IRelationalConnection connection)</StackTrace>
        </ErrorInfo>
      </Output>
    </UnitTestResult>
    <UnitTestResult executionId="a3c9a667-bbbb-4e96-a576-cc3c72498b2e" testId="f12c4419-a44f-afb2-4a42-d9bdd62daf6f" testName="PortProject.Api.Integration_Tests.VesselTypeTest.Delete_NonExistentVesselType_ReturnsNotFound" computerName="MacBook-Air-de-Ines-3" duration="00:00:00.0024556" startTime="2025-10-21T10:47:07.4929100+01:00" endTime="2025-10-21T10:47:07.4929100+01:00" testType="13cdc9d9-ddb5-4fa4-a97d-d965ccfc6d4b" outcome="Failed" testListId="8c84fa94-04c1-424b-9868-57a2d4851a1d" relativeResultsDirectory="a3c9a667-bbbb-4e96-a576-cc3c72498b2e">
      <Output>
        <ErrorInfo>
          <Message>Microsoft.EntityFrameworkCore.DbUpdateException : An error occurred while saving the entity changes. See the inner exception for details.
---- Microsoft.Data.Sqlite.SqliteException : SQLite Error 19: 'FOREIGN KEY constraint failed'.</Message>
          <StackTrace>   at Microsoft.EntityFrameworkCore.Update.ReaderModificationCommandBatch.Execute(IRelationalConnection connection)
   at Microsoft.EntityFrameworkCore.Update.Internal.BatchExecutor.Execute(IEnumerable`1 commandBatches, IRelationalConnection connection)
   at Microsoft.EntityFrameworkCore.Storage.RelationalDatabase.SaveChanges(IList`1 entries)
   at Microsoft.EntityFrameworkCore.ChangeTracking.Internal.StateManager.SaveChanges(IList`1 entriesToSave)
   at Microsoft.EntityFrameworkCore.ChangeTracking.Internal.StateManager.SaveChanges(StateManager stateManager, Boolean acceptAllChangesOnSuccess)
   at Microsoft.EntityFrameworkCore.ChangeTracking.Internal.StateManager.&lt;&gt;c.&lt;SaveChanges&gt;b__112_0(DbContext _, ValueTuple`2 t)
   at Microsoft.EntityFrameworkCore.Storage.NonRetryingExecutionStrategy.Execute[TState,TResult](TState state, Func`3 operation, Func`3 verifySucceeded)
   at Microsoft.EntityFrameworkCore.ChangeTracking.Internal.StateManager.SaveChanges(Boolean acceptAllChangesOnSuccess)
   at Microsoft.EntityFrameworkCore.DbContext.SaveChanges(Boolean acceptAllChangesOnSuccess)
   at Microsoft.EntityFrameworkCore.DbContext.SaveChanges()
   at PortProject.Api.Integration_Tests.Helpers.VesselTypeUtilities.ReinitializeDbForTests(PortProjectContext db) in /Users/inesgomesoliveira/RiderProjects/LEI-SEM5-PI-2025-26-3DL-02- NOVO/PortProject.Api.Integration_Tests/Helpers/Utilities.cs:line 31
   at PortProject.Api.Integration_Tests.VesselTypeTest.Delete_NonExistentVesselType_ReturnsNotFound() in /Users/inesgomesoliveira/RiderProjects/LEI-SEM5-PI-2025-26-3DL-02- NOVO/PortProject.Api.Integration_Tests/VesselTypeTest.cs:line 287
--- End of stack trace from previous location ---
----- Inner Stack Trace -----
   at Microsoft.Data.Sqlite.SqliteException.ThrowExceptionForRC(Int32 rc, sqlite3 db)
   at Microsoft.Data.Sqlite.SqliteDataReader.NextResult()
   at Microsoft.Data.Sqlite.SqliteCommand.ExecuteReader(CommandBehavior behavior)
   at Microsoft.Data.Sqlite.SqliteCommand.ExecuteDbDataReader(CommandBehavior behavior)
   at Microsoft.EntityFrameworkCore.Storage.RelationalCommand.ExecuteReader(RelationalCommandParameterObject parameterObject)
   at Microsoft.EntityFrameworkCore.Update.ReaderModificationCommandBatch.Execute(IRelationalConnection connection)</StackTrace>
        </ErrorInfo>
      </Output>
    </UnitTestResult>
    <UnitTestResult executionId="7644c6a9-5b8b-42e7-90be-118d2167b51b" testId="33f91511-8f92-931e-a62e-906b44a16cc6" testName="PortProject.Api.Integration_Tests.VesselTest.Get_Search_EmptyTerm_ReturnsAllVessels" computerName="MacBook-Air-de-Ines-3" duration="00:00:00.0069223" startTime="2025-10-21T10:47:07.4953940+01:00" endTime="2025-10-21T10:47:07.4953940+01:00" testType="13cdc9d9-ddb5-4fa4-a97d-d965ccfc6d4b" outcome="Failed" testListId="8c84fa94-04c1-424b-9868-57a2d4851a1d" relativeResultsDirectory="7644c6a9-5b8b-42e7-90be-118d2167b51b">
      <Output>
        <ErrorInfo>
          <Message>Microsoft.EntityFrameworkCore.DbUpdateException : An error occurred while saving the entity changes. See the inner exception for details.
---- Microsoft.Data.Sqlite.SqliteException : SQLite Error 19: 'FOREIGN KEY constraint failed'.</Message>
          <StackTrace>   at Microsoft.EntityFrameworkCore.Update.ReaderModificationCommandBatch.Execute(IRelationalConnection connection)
   at Microsoft.EntityFrameworkCore.Update.Internal.BatchExecutor.Execute(IEnumerable`1 commandBatches, IRelationalConnection connection)
   at Microsoft.EntityFrameworkCore.Storage.RelationalDatabase.SaveChanges(IList`1 entries)
   at Microsoft.EntityFrameworkCore.ChangeTracking.Internal.StateManager.SaveChanges(IList`1 entriesToSave)
   at Microsoft.EntityFrameworkCore.ChangeTracking.Internal.StateManager.SaveChanges(StateManager stateManager, Boolean acceptAllChangesOnSuccess)
   at Microsoft.EntityFrameworkCore.ChangeTracking.Internal.StateManager.&lt;&gt;c.&lt;SaveChanges&gt;b__112_0(DbContext _, ValueTuple`2 t)
   at Microsoft.EntityFrameworkCore.Storage.NonRetryingExecutionStrategy.Execute[TState,TResult](TState state, Func`3 operation, Func`3 verifySucceeded)
   at Microsoft.EntityFrameworkCore.ChangeTracking.Internal.StateManager.SaveChanges(Boolean acceptAllChangesOnSuccess)
   at Microsoft.EntityFrameworkCore.DbContext.SaveChanges(Boolean acceptAllChangesOnSuccess)
   at Microsoft.EntityFrameworkCore.DbContext.SaveChanges()
   at PortProject.Api.Integration_Tests.Helpers.VesselTypeUtilities.ReinitializeDbForTests(PortProjectContext db) in /Users/inesgomesoliveira/RiderProjects/LEI-SEM5-PI-2025-26-3DL-02- NOVO/PortProject.Api.Integration_Tests/Helpers/Utilities.cs:line 31
   at PortProject.Api.Integration_Tests.VesselTest.ReinitializeVesselsDb(PortProjectContext db) in /Users/inesgomesoliveira/RiderProjects/LEI-SEM5-PI-2025-26-3DL-02- NOVO/PortProject.Api.Integration_Tests/VesselTest.cs:line 33
   at PortProject.Api.Integration_Tests.VesselTest.Get_Search_EmptyTerm_ReturnsAllVessels() in /Users/inesgomesoliveira/RiderProjects/LEI-SEM5-PI-2025-26-3DL-02- NOVO/PortProject.Api.Integration_Tests/VesselTest.cs:line 349
--- End of stack trace from previous location ---
----- Inner Stack Trace -----
   at Microsoft.Data.Sqlite.SqliteException.ThrowExceptionForRC(Int32 rc, sqlite3 db)
   at Microsoft.Data.Sqlite.SqliteDataReader.NextResult()
   at Microsoft.Data.Sqlite.SqliteCommand.ExecuteReader(CommandBehavior behavior)
   at Microsoft.Data.Sqlite.SqliteCommand.ExecuteDbDataReader(CommandBehavior behavior)
   at Microsoft.EntityFrameworkCore.Storage.RelationalCommand.ExecuteReader(RelationalCommandParameterObject parameterObject)
   at Microsoft.EntityFrameworkCore.Update.ReaderModificationCommandBatch.Execute(IRelationalConnection connection)</StackTrace>
        </ErrorInfo>
      </Output>
    </UnitTestResult>
    <UnitTestResult executionId="287bb23a-f03a-4c3f-9bf5-4c953ea9545f" testId="6b822abd-7d89-e0a2-c1cc-53eda492e81e" testName="PortProject.Api.Integration_Tests.VesselTest.Get_Search_ReturnsMatchingVessels" computerName="MacBook-Air-de-Ines-3" duration="00:00:00.0029201" startTime="2025-10-21T10:47:07.4650870+01:00" endTime="2025-10-21T10:47:07.4650870+01:00" testType="13cdc9d9-ddb5-4fa4-a97d-d965ccfc6d4b" outcome="Failed" testListId="8c84fa94-04c1-424b-9868-57a2d4851a1d" relativeResultsDirectory="287bb23a-f03a-4c3f-9bf5-4c953ea9545f">
      <Output>
        <ErrorInfo>
          <Message>Microsoft.EntityFrameworkCore.DbUpdateException : An error occurred while saving the entity changes. See the inner exception for details.
---- Microsoft.Data.Sqlite.SqliteException : SQLite Error 19: 'FOREIGN KEY constraint failed'.</Message>
          <StackTrace>   at Microsoft.EntityFrameworkCore.Update.ReaderModificationCommandBatch.Execute(IRelationalConnection connection)
   at Microsoft.EntityFrameworkCore.Update.Internal.BatchExecutor.Execute(IEnumerable`1 commandBatches, IRelationalConnection connection)
   at Microsoft.EntityFrameworkCore.Storage.RelationalDatabase.SaveChanges(IList`1 entries)
   at Microsoft.EntityFrameworkCore.ChangeTracking.Internal.StateManager.SaveChanges(IList`1 entriesToSave)
   at Microsoft.EntityFrameworkCore.ChangeTracking.Internal.StateManager.SaveChanges(StateManager stateManager, Boolean acceptAllChangesOnSuccess)
   at Microsoft.EntityFrameworkCore.ChangeTracking.Internal.StateManager.&lt;&gt;c.&lt;SaveChanges&gt;b__112_0(DbContext _, ValueTuple`2 t)
   at Microsoft.EntityFrameworkCore.Storage.NonRetryingExecutionStrategy.Execute[TState,TResult](TState state, Func`3 operation, Func`3 verifySucceeded)
   at Microsoft.EntityFrameworkCore.ChangeTracking.Internal.StateManager.SaveChanges(Boolean acceptAllChangesOnSuccess)
   at Microsoft.EntityFrameworkCore.DbContext.SaveChanges(Boolean acceptAllChangesOnSuccess)
   at Microsoft.EntityFrameworkCore.DbContext.SaveChanges()
   at PortProject.Api.Integration_Tests.Helpers.VesselTypeUtilities.ReinitializeDbForTests(PortProjectContext db) in /Users/inesgomesoliveira/RiderProjects/LEI-SEM5-PI-2025-26-3DL-02- NOVO/PortProject.Api.Integration_Tests/Helpers/Utilities.cs:line 31
   at PortProject.Api.Integration_Tests.VesselTest.ReinitializeVesselsDb(PortProjectContext db) in /Users/inesgomesoliveira/RiderProjects/LEI-SEM5-PI-2025-26-3DL-02- NOVO/PortProject.Api.Integration_Tests/VesselTest.cs:line 33
   at PortProject.Api.Integration_Tests.VesselTest.Get_Search_ReturnsMatchingVessels() in /Users/inesgomesoliveira/RiderProjects/LEI-SEM5-PI-2025-26-3DL-02- NOVO/PortProject.Api.Integration_Tests/VesselTest.cs:line 326
--- End of stack trace from previous location ---
----- Inner Stack Trace -----
   at Microsoft.Data.Sqlite.SqliteException.ThrowExceptionForRC(Int32 rc, sqlite3 db)
   at Microsoft.Data.Sqlite.SqliteDataReader.NextResult()
   at Microsoft.Data.Sqlite.SqliteCommand.ExecuteReader(CommandBehavior behavior)
   at Microsoft.Data.Sqlite.SqliteCommand.ExecuteDbDataReader(CommandBehavior behavior)
   at Microsoft.EntityFrameworkCore.Storage.RelationalCommand.ExecuteReader(RelationalCommandParameterObject parameterObject)
   at Microsoft.EntityFrameworkCore.Update.ReaderModificationCommandBatch.Execute(IRelationalConnection connection)</StackTrace>
        </ErrorInfo>
      </Output>
    </UnitTestResult>
    <UnitTestResult executionId="6a8c4dca-9e6d-4c9c-a611-addec29afb86" testId="f5185bb5-8da3-1119-1af3-f3a8eda57068" testName="PortProject.Api.Integration_Tests.VesselTypeTest.Get_ReturnAllVesselTypes" computerName="MacBook-Air-de-Ines-3" duration="00:00:00.0016334" startTime="2025-10-21T10:47:07.5092140+01:00" endTime="2025-10-21T10:47:07.5092140+01:00" testType="13cdc9d9-ddb5-4fa4-a97d-d965ccfc6d4b" outcome="Failed" testListId="8c84fa94-04c1-424b-9868-57a2d4851a1d" relativeResultsDirectory="6a8c4dca-9e6d-4c9c-a611-addec29afb86">
      <Output>
        <ErrorInfo>
          <Message>Microsoft.EntityFrameworkCore.DbUpdateException : An error occurred while saving the entity changes. See the inner exception for details.
---- Microsoft.Data.Sqlite.SqliteException : SQLite Error 19: 'FOREIGN KEY constraint failed'.</Message>
          <StackTrace>   at Microsoft.EntityFrameworkCore.Update.ReaderModificationCommandBatch.Execute(IRelationalConnection connection)
   at Microsoft.EntityFrameworkCore.Update.Internal.BatchExecutor.Execute(IEnumerable`1 commandBatches, IRelationalConnection connection)
   at Microsoft.EntityFrameworkCore.Storage.RelationalDatabase.SaveChanges(IList`1 entries)
   at Microsoft.EntityFrameworkCore.ChangeTracking.Internal.StateManager.SaveChanges(IList`1 entriesToSave)
   at Microsoft.EntityFrameworkCore.ChangeTracking.Internal.StateManager.SaveChanges(StateManager stateManager, Boolean acceptAllChangesOnSuccess)
   at Microsoft.EntityFrameworkCore.ChangeTracking.Internal.StateManager.&lt;&gt;c.&lt;SaveChanges&gt;b__112_0(DbContext _, ValueTuple`2 t)
   at Microsoft.EntityFrameworkCore.Storage.NonRetryingExecutionStrategy.Execute[TState,TResult](TState state, Func`3 operation, Func`3 verifySucceeded)
   at Microsoft.EntityFrameworkCore.ChangeTracking.Internal.StateManager.SaveChanges(Boolean acceptAllChangesOnSuccess)
   at Microsoft.EntityFrameworkCore.DbContext.SaveChanges(Boolean acceptAllChangesOnSuccess)
   at Microsoft.EntityFrameworkCore.DbContext.SaveChanges()
   at PortProject.Api.Integration_Tests.Helpers.VesselTypeUtilities.ReinitializeDbForTests(PortProjectContext db) in /Users/inesgomesoliveira/RiderProjects/LEI-SEM5-PI-2025-26-3DL-02- NOVO/PortProject.Api.Integration_Tests/Helpers/Utilities.cs:line 31
   at PortProject.Api.Integration_Tests.VesselTypeTest.Get_ReturnAllVesselTypes() in /Users/inesgomesoliveira/RiderProjects/LEI-SEM5-PI-2025-26-3DL-02- NOVO/PortProject.Api.Integration_Tests/VesselTypeTest.cs:line 56
--- End of stack trace from previous location ---
----- Inner Stack Trace -----
   at Microsoft.Data.Sqlite.SqliteException.ThrowExceptionForRC(Int32 rc, sqlite3 db)
   at Microsoft.Data.Sqlite.SqliteDataReader.NextResult()
   at Microsoft.Data.Sqlite.SqliteCommand.ExecuteReader(CommandBehavior behavior)
   at Microsoft.Data.Sqlite.SqliteCommand.ExecuteDbDataReader(CommandBehavior behavior)
   at Microsoft.EntityFrameworkCore.Storage.RelationalCommand.ExecuteReader(RelationalCommandParameterObject parameterObject)
   at Microsoft.EntityFrameworkCore.Update.ReaderModificationCommandBatch.Execute(IRelationalConnection connection)</StackTrace>
        </ErrorInfo>
      </Output>
    </UnitTestResult>
    <UnitTestResult executionId="4bf0f1c6-5bb8-4df6-8e9c-4bc7f52b99e2" testId="b97c3cac-f6c3-1958-5528-33a0f9c674fa" testName="PortProject.Api.Integration_Tests.VesselTest.Post_CreatesVessel" computerName="MacBook-Air-de-Ines-3" duration="00:00:00.0070906" startTime="2025-10-21T10:47:07.4536720+01:00" endTime="2025-10-21T10:47:07.4536720+01:00" testType="13cdc9d9-ddb5-4fa4-a97d-d965ccfc6d4b" outcome="Failed" testListId="8c84fa94-04c1-424b-9868-57a2d4851a1d" relativeResultsDirectory="4bf0f1c6-5bb8-4df6-8e9c-4bc7f52b99e2">
      <Output>
        <ErrorInfo>
          <Message>Microsoft.EntityFrameworkCore.DbUpdateException : An error occurred while saving the entity changes. See the inner exception for details.
---- Microsoft.Data.Sqlite.SqliteException : SQLite Error 19: 'FOREIGN KEY constraint failed'.</Message>
          <StackTrace>   at Microsoft.EntityFrameworkCore.Update.ReaderModificationCommandBatch.Execute(IRelationalConnection connection)
   at Microsoft.EntityFrameworkCore.Update.Internal.BatchExecutor.Execute(IEnumerable`1 commandBatches, IRelationalConnection connection)
   at Microsoft.EntityFrameworkCore.Storage.RelationalDatabase.SaveChanges(IList`1 entries)
   at Microsoft.EntityFrameworkCore.ChangeTracking.Internal.StateManager.SaveChanges(IList`1 entriesToSave)
   at Microsoft.EntityFrameworkCore.ChangeTracking.Internal.StateManager.SaveChanges(StateManager stateManager, Boolean acceptAllChangesOnSuccess)
   at Microsoft.EntityFrameworkCore.ChangeTracking.Internal.StateManager.&lt;&gt;c.&lt;SaveChanges&gt;b__112_0(DbContext _, ValueTuple`2 t)
   at Microsoft.EntityFrameworkCore.Storage.NonRetryingExecutionStrategy.Execute[TState,TResult](TState state, Func`3 operation, Func`3 verifySucceeded)
   at Microsoft.EntityFrameworkCore.ChangeTracking.Internal.StateManager.SaveChanges(Boolean acceptAllChangesOnSuccess)
   at Microsoft.EntityFrameworkCore.DbContext.SaveChanges(Boolean acceptAllChangesOnSuccess)
   at Microsoft.EntityFrameworkCore.DbContext.SaveChanges()
   at PortProject.Api.Integration_Tests.Helpers.VesselTypeUtilities.ReinitializeDbForTests(PortProjectContext db) in /Users/inesgomesoliveira/RiderProjects/LEI-SEM5-PI-2025-26-3DL-02- NOVO/PortProject.Api.Integration_Tests/Helpers/Utilities.cs:line 31
   at PortProject.Api.Integration_Tests.VesselTest.ReinitializeVesselsDb(PortProjectContext db) in /Users/inesgomesoliveira/RiderProjects/LEI-SEM5-PI-2025-26-3DL-02- NOVO/PortProject.Api.Integration_Tests/VesselTest.cs:line 33
   at PortProject.Api.Integration_Tests.VesselTest.Post_CreatesVessel() in /Users/inesgomesoliveira/RiderProjects/LEI-SEM5-PI-2025-26-3DL-02- NOVO/PortProject.Api.Integration_Tests/VesselTest.cs:line 139
--- End of stack trace from previous location ---
----- Inner Stack Trace -----
   at Microsoft.Data.Sqlite.SqliteException.ThrowExceptionForRC(Int32 rc, sqlite3 db)
   at Microsoft.Data.Sqlite.SqliteDataReader.NextResult()
   at Microsoft.Data.Sqlite.SqliteCommand.ExecuteReader(CommandBehavior behavior)
   at Microsoft.Data.Sqlite.SqliteCommand.ExecuteDbDataReader(CommandBehavior behavior)
   at Microsoft.EntityFrameworkCore.Storage.RelationalCommand.ExecuteReader(RelationalCommandParameterObject parameterObject)
   at Microsoft.EntityFrameworkCore.Update.ReaderModificationCommandBatch.Execute(IRelationalConnection connection)</StackTrace>
        </ErrorInfo>
      </Output>
    </UnitTestResult>
    <UnitTestResult executionId="53d97616-5650-41cc-91b2-4b38c6c67db3" testId="d5cde07c-e4fc-3be3-7227-4e88b2805c70" testName="PortProject.Api.Integration_Tests.VesselTypeTest.Post_EmptyName_ReturnsBadRequest" computerName="MacBook-Air-de-Ines-3" duration="00:00:00.0142447" startTime="2025-10-21T10:47:07.4922530+01:00" endTime="2025-10-21T10:47:07.4922530+01:00" testType="13cdc9d9-ddb5-4fa4-a97d-d965ccfc6d4b" outcome="Passed" testListId="8c84fa94-04c1-424b-9868-57a2d4851a1d" relativeResultsDirectory="53d97616-5650-41cc-91b2-4b38c6c67db3" />
    <UnitTestResult executionId="906bf23a-614c-4bce-92da-9c2ac1cea19c" testId="2ac51184-108f-497a-f577-251a1d9f2a23" testName="PortProject.Api.Integration_Tests.VesselTypeTest.Get_EndpointsReturnSuccessAndCorrectContentType(url: &quot;/api/VesselType&quot;)" computerName="MacBook-Air-de-Ines-3" duration="00:00:00.0020247" startTime="2025-10-21T10:47:07.5074920+01:00" endTime="2025-10-21T10:47:07.5074920+01:00" testType="13cdc9d9-ddb5-4fa4-a97d-d965ccfc6d4b" outcome="Failed" testListId="8c84fa94-04c1-424b-9868-57a2d4851a1d" relativeResultsDirectory="906bf23a-614c-4bce-92da-9c2ac1cea19c">
      <Output>
        <ErrorInfo>
          <Message>Microsoft.EntityFrameworkCore.DbUpdateException : An error occurred while saving the entity changes. See the inner exception for details.
---- Microsoft.Data.Sqlite.SqliteException : SQLite Error 19: 'FOREIGN KEY constraint failed'.</Message>
          <StackTrace>   at Microsoft.EntityFrameworkCore.Update.ReaderModificationCommandBatch.Execute(IRelationalConnection connection)
   at Microsoft.EntityFrameworkCore.Update.Internal.BatchExecutor.Execute(IEnumerable`1 commandBatches, IRelationalConnection connection)
   at Microsoft.EntityFrameworkCore.Storage.RelationalDatabase.SaveChanges(IList`1 entries)
   at Microsoft.EntityFrameworkCore.ChangeTracking.Internal.StateManager.SaveChanges(IList`1 entriesToSave)
   at Microsoft.EntityFrameworkCore.ChangeTracking.Internal.StateManager.SaveChanges(StateManager stateManager, Boolean acceptAllChangesOnSuccess)
   at Microsoft.EntityFrameworkCore.ChangeTracking.Internal.StateManager.&lt;&gt;c.&lt;SaveChanges&gt;b__112_0(DbContext _, ValueTuple`2 t)
   at Microsoft.EntityFrameworkCore.Storage.NonRetryingExecutionStrategy.Execute[TState,TResult](TState state, Func`3 operation, Func`3 verifySucceeded)
   at Microsoft.EntityFrameworkCore.ChangeTracking.Internal.StateManager.SaveChanges(Boolean acceptAllChangesOnSuccess)
   at Microsoft.EntityFrameworkCore.DbContext.SaveChanges(Boolean acceptAllChangesOnSuccess)
   at Microsoft.EntityFrameworkCore.DbContext.SaveChanges()
   at PortProject.Api.Integration_Tests.Helpers.VesselTypeUtilities.ReinitializeDbForTests(PortProjectContext db) in /Users/inesgomesoliveira/RiderProjects/LEI-SEM5-PI-2025-26-3DL-02- NOVO/PortProject.Api.Integration_Tests/Helpers/Utilities.cs:line 31
   at PortProject.Api.Integration_Tests.VesselTypeTest.Get_EndpointsReturnSuccessAndCorrectContentType(String url) in /Users/inesgomesoliveira/RiderProjects/LEI-SEM5-PI-2025-26-3DL-02- NOVO/PortProject.Api.Integration_Tests/VesselTypeTest.cs:line 37
--- End of stack trace from previous location ---
----- Inner Stack Trace -----
   at Microsoft.Data.Sqlite.SqliteException.ThrowExceptionForRC(Int32 rc, sqlite3 db)
   at Microsoft.Data.Sqlite.SqliteDataReader.NextResult()
   at Microsoft.Data.Sqlite.SqliteCommand.ExecuteReader(CommandBehavior behavior)
   at Microsoft.Data.Sqlite.SqliteCommand.ExecuteDbDataReader(CommandBehavior behavior)
   at Microsoft.EntityFrameworkCore.Storage.RelationalCommand.ExecuteReader(RelationalCommandParameterObject parameterObject)
   at Microsoft.EntityFrameworkCore.Update.ReaderModificationCommandBatch.Execute(IRelationalConnection connection)</StackTrace>
        </ErrorInfo>
      </Output>
    </UnitTestResult>
    <UnitTestResult executionId="7bee6dee-886a-4d1f-85b2-7af293d75422" testId="604faa7c-ba0b-5ae0-2c2b-62d92e1c3e3f" testName="PortProject.Api.Integration_Tests.VesselTest.Put_IdMismatch_ReturnsBadRequest" computerName="MacBook-Air-de-Ines-3" duration="00:00:00.0108489" startTime="2025-10-21T10:47:07.4918700+01:00" endTime="2025-10-21T10:47:07.4918700+01:00" testType="13cdc9d9-ddb5-4fa4-a97d-d965ccfc6d4b" outcome="Passed" testListId="8c84fa94-04c1-424b-9868-57a2d4851a1d" relativeResultsDirectory="7bee6dee-886a-4d1f-85b2-7af293d75422" />
    <UnitTestResult executionId="d94f0d72-5922-4255-be69-be3791191584" testId="07c9fda0-8945-ab7d-8189-0b63851b737a" testName="PortProject.Api.Integration_Tests.VesselTypeTest.Delete_RemovesVesselType" computerName="MacBook-Air-de-Ines-3" duration="00:00:00.0016512" startTime="2025-10-21T10:47:07.4683850+01:00" endTime="2025-10-21T10:47:07.4683850+01:00" testType="13cdc9d9-ddb5-4fa4-a97d-d965ccfc6d4b" outcome="Failed" testListId="8c84fa94-04c1-424b-9868-57a2d4851a1d" relativeResultsDirectory="d94f0d72-5922-4255-be69-be3791191584">
      <Output>
        <ErrorInfo>
          <Message>Microsoft.EntityFrameworkCore.DbUpdateException : An error occurred while saving the entity changes. See the inner exception for details.
---- Microsoft.Data.Sqlite.SqliteException : SQLite Error 19: 'FOREIGN KEY constraint failed'.</Message>
          <StackTrace>   at Microsoft.EntityFrameworkCore.Update.ReaderModificationCommandBatch.Execute(IRelationalConnection connection)
   at Microsoft.EntityFrameworkCore.Update.Internal.BatchExecutor.Execute(IEnumerable`1 commandBatches, IRelationalConnection connection)
   at Microsoft.EntityFrameworkCore.Storage.RelationalDatabase.SaveChanges(IList`1 entries)
   at Microsoft.EntityFrameworkCore.ChangeTracking.Internal.StateManager.SaveChanges(IList`1 entriesToSave)
   at Microsoft.EntityFrameworkCore.ChangeTracking.Internal.StateManager.SaveChanges(StateManager stateManager, Boolean acceptAllChangesOnSuccess)
   at Microsoft.EntityFrameworkCore.ChangeTracking.Internal.StateManager.&lt;&gt;c.&lt;SaveChanges&gt;b__112_0(DbContext _, ValueTuple`2 t)
   at Microsoft.EntityFrameworkCore.Storage.NonRetryingExecutionStrategy.Execute[TState,TResult](TState state, Func`3 operation, Func`3 verifySucceeded)
   at Microsoft.EntityFrameworkCore.ChangeTracking.Internal.StateManager.SaveChanges(Boolean acceptAllChangesOnSuccess)
   at Microsoft.EntityFrameworkCore.DbContext.SaveChanges(Boolean acceptAllChangesOnSuccess)
   at Microsoft.EntityFrameworkCore.DbContext.SaveChanges()
   at PortProject.Api.Integration_Tests.Helpers.VesselTypeUtilities.ReinitializeDbForTests(PortProjectContext db) in /Users/inesgomesoliveira/RiderProjects/LEI-SEM5-PI-2025-26-3DL-02- NOVO/PortProject.Api.Integration_Tests/Helpers/Utilities.cs:line 31
   at PortProject.Api.Integration_Tests.VesselTypeTest.Delete_RemovesVesselType() in /Users/inesgomesoliveira/RiderProjects/LEI-SEM5-PI-2025-26-3DL-02- NOVO/PortProject.Api.Integration_Tests/VesselTypeTest.cs:line 265
--- End of stack trace from previous location ---
----- Inner Stack Trace -----
   at Microsoft.Data.Sqlite.SqliteException.ThrowExceptionForRC(Int32 rc, sqlite3 db)
   at Microsoft.Data.Sqlite.SqliteDataReader.NextResult()
   at Microsoft.Data.Sqlite.SqliteCommand.ExecuteReader(CommandBehavior behavior)
   at Microsoft.Data.Sqlite.SqliteCommand.ExecuteDbDataReader(CommandBehavior behavior)
   at Microsoft.EntityFrameworkCore.Storage.RelationalCommand.ExecuteReader(RelationalCommandParameterObject parameterObject)
   at Microsoft.EntityFrameworkCore.Update.ReaderModificationCommandBatch.Execute(IRelationalConnection connection)</StackTrace>
        </ErrorInfo>
      </Output>
    </UnitTestResult>
    <UnitTestResult executionId="10665613-edd0-4ccd-a9a8-9a1521b875ea" testId="f34bbeff-24ff-8183-8665-b00ee36ea734" testName="PortProject.Api.Integration_Tests.VesselTypeTest.Get_Search_EmptyTerm_ReturnsAllVesselTypes" computerName="MacBook-Air-de-Ines-3" duration="00:00:00.0019836" startTime="2025-10-21T10:47:07.5266370+01:00" endTime="2025-10-21T10:47:07.5266370+01:00" testType="13cdc9d9-ddb5-4fa4-a97d-d965ccfc6d4b" outcome="Failed" testListId="8c84fa94-04c1-424b-9868-57a2d4851a1d" relativeResultsDirectory="10665613-edd0-4ccd-a9a8-9a1521b875ea">
      <Output>
        <ErrorInfo>
          <Message>Microsoft.EntityFrameworkCore.DbUpdateException : An error occurred while saving the entity changes. See the inner exception for details.
---- Microsoft.Data.Sqlite.SqliteException : SQLite Error 19: 'FOREIGN KEY constraint failed'.</Message>
          <StackTrace>   at Microsoft.EntityFrameworkCore.Update.ReaderModificationCommandBatch.Execute(IRelationalConnection connection)
   at Microsoft.EntityFrameworkCore.Update.Internal.BatchExecutor.Execute(IEnumerable`1 commandBatches, IRelationalConnection connection)
   at Microsoft.EntityFrameworkCore.Storage.RelationalDatabase.SaveChanges(IList`1 entries)
   at Microsoft.EntityFrameworkCore.ChangeTracking.Internal.StateManager.SaveChanges(IList`1 entriesToSave)
   at Microsoft.EntityFrameworkCore.ChangeTracking.Internal.StateManager.SaveChanges(StateManager stateManager, Boolean acceptAllChangesOnSuccess)
   at Microsoft.EntityFrameworkCore.ChangeTracking.Internal.StateManager.&lt;&gt;c.&lt;SaveChanges&gt;b__112_0(DbContext _, ValueTuple`2 t)
   at Microsoft.EntityFrameworkCore.Storage.NonRetryingExecutionStrategy.Execute[TState,TResult](TState state, Func`3 operation, Func`3 verifySucceeded)
   at Microsoft.EntityFrameworkCore.ChangeTracking.Internal.StateManager.SaveChanges(Boolean acceptAllChangesOnSuccess)
   at Microsoft.EntityFrameworkCore.DbContext.SaveChanges(Boolean acceptAllChangesOnSuccess)
   at Microsoft.EntityFrameworkCore.DbContext.SaveChanges()
   at PortProject.Api.Integration_Tests.Helpers.VesselTypeUtilities.ReinitializeDbForTests(PortProjectContext db) in /Users/inesgomesoliveira/RiderProjects/LEI-SEM5-PI-2025-26-3DL-02- NOVO/PortProject.Api.Integration_Tests/Helpers/Utilities.cs:line 31
   at PortProject.Api.Integration_Tests.VesselTypeTest.Get_Search_EmptyTerm_ReturnsAllVesselTypes() in /Users/inesgomesoliveira/RiderProjects/LEI-SEM5-PI-2025-26-3DL-02- NOVO/PortProject.Api.Integration_Tests/VesselTypeTest.cs:line 327
--- End of stack trace from previous location ---
----- Inner Stack Trace -----
   at Microsoft.Data.Sqlite.SqliteException.ThrowExceptionForRC(Int32 rc, sqlite3 db)
   at Microsoft.Data.Sqlite.SqliteDataReader.NextResult()
   at Microsoft.Data.Sqlite.SqliteCommand.ExecuteReader(CommandBehavior behavior)
   at Microsoft.Data.Sqlite.SqliteCommand.ExecuteDbDataReader(CommandBehavior behavior)
   at Microsoft.EntityFrameworkCore.Storage.RelationalCommand.ExecuteReader(RelationalCommandParameterObject parameterObject)
   at Microsoft.EntityFrameworkCore.Update.ReaderModificationCommandBatch.Execute(IRelationalConnection connection)</StackTrace>
        </ErrorInfo>
      </Output>
    </UnitTestResult>
    <UnitTestResult executionId="ee3125f0-66d4-4312-8bf9-a2af4f346609" testId="0d332f0b-82e5-ea96-622f-e4c3149a3238" testName="PortProject.Api.Integration_Tests.VesselTest.Delete_NonExistentVessel_ReturnsNotFound" computerName="MacBook-Air-de-Ines-3" duration="00:00:00.0016146" startTime="2025-10-21T10:47:07.4670110+01:00" endTime="2025-10-21T10:47:07.4670110+01:00" testType="13cdc9d9-ddb5-4fa4-a97d-d965ccfc6d4b" outcome="Failed" testListId="8c84fa94-04c1-424b-9868-57a2d4851a1d" relativeResultsDirectory="ee3125f0-66d4-4312-8bf9-a2af4f346609">
      <Output>
        <ErrorInfo>
          <Message>Microsoft.EntityFrameworkCore.DbUpdateException : An error occurred while saving the entity changes. See the inner exception for details.
---- Microsoft.Data.Sqlite.SqliteException : SQLite Error 19: 'FOREIGN KEY constraint failed'.</Message>
          <StackTrace>   at Microsoft.EntityFrameworkCore.Update.ReaderModificationCommandBatch.Execute(IRelationalConnection connection)
   at Microsoft.EntityFrameworkCore.Update.Internal.BatchExecutor.Execute(IEnumerable`1 commandBatches, IRelationalConnection connection)
   at Microsoft.EntityFrameworkCore.Storage.RelationalDatabase.SaveChanges(IList`1 entries)
   at Microsoft.EntityFrameworkCore.ChangeTracking.Internal.StateManager.SaveChanges(IList`1 entriesToSave)
   at Microsoft.EntityFrameworkCore.ChangeTracking.Internal.StateManager.SaveChanges(StateManager stateManager, Boolean acceptAllChangesOnSuccess)
   at Microsoft.EntityFrameworkCore.ChangeTracking.Internal.StateManager.&lt;&gt;c.&lt;SaveChanges&gt;b__112_0(DbContext _, ValueTuple`2 t)
   at Microsoft.EntityFrameworkCore.Storage.NonRetryingExecutionStrategy.Execute[TState,TResult](TState state, Func`3 operation, Func`3 verifySucceeded)
   at Microsoft.EntityFrameworkCore.ChangeTracking.Internal.StateManager.SaveChanges(Boolean acceptAllChangesOnSuccess)
   at Microsoft.EntityFrameworkCore.DbContext.SaveChanges(Boolean acceptAllChangesOnSuccess)
   at Microsoft.EntityFrameworkCore.DbContext.SaveChanges()
   at PortProject.Api.Integration_Tests.Helpers.VesselTypeUtilities.ReinitializeDbForTests(PortProjectContext db) in /Users/inesgomesoliveira/RiderProjects/LEI-SEM5-PI-2025-26-3DL-02- NOVO/PortProject.Api.Integration_Tests/Helpers/Utilities.cs:line 31
   at PortProject.Api.Integration_Tests.VesselTest.ReinitializeVesselsDb(PortProjectContext db) in /Users/inesgomesoliveira/RiderProjects/LEI-SEM5-PI-2025-26-3DL-02- NOVO/PortProject.Api.Integration_Tests/VesselTest.cs:line 33
   at PortProject.Api.Integration_Tests.VesselTest.Delete_NonExistentVessel_ReturnsNotFound() in /Users/inesgomesoliveira/RiderProjects/LEI-SEM5-PI-2025-26-3DL-02- NOVO/PortProject.Api.Integration_Tests/VesselTest.cs:line 309
--- End of stack trace from previous location ---
----- Inner Stack Trace -----
   at Microsoft.Data.Sqlite.SqliteException.ThrowExceptionForRC(Int32 rc, sqlite3 db)
   at Microsoft.Data.Sqlite.SqliteDataReader.NextResult()
   at Microsoft.Data.Sqlite.SqliteCommand.ExecuteReader(CommandBehavior behavior)
   at Microsoft.Data.Sqlite.SqliteCommand.ExecuteDbDataReader(CommandBehavior behavior)
   at Microsoft.EntityFrameworkCore.Storage.RelationalCommand.ExecuteReader(RelationalCommandParameterObject parameterObject)
   at Microsoft.EntityFrameworkCore.Update.ReaderModificationCommandBatch.Execute(IRelationalConnection connection)</StackTrace>
        </ErrorInfo>
      </Output>
    </UnitTestResult>
    <UnitTestResult executionId="bed99e96-5ae7-45f6-9c10-cf1611357110" testId="97659a65-6d57-ff41-4de2-e17e571c1bce" testName="PortProject.Api.Integration_Tests.VesselTest.Delete_RemovesVessel" computerName="MacBook-Air-de-Ines-3" duration="00:00:01.0242985" startTime="2025-10-21T10:47:07.4410790+01:00" endTime="2025-10-21T10:47:07.4410880+01:00" testType="13cdc9d9-ddb5-4fa4-a97d-d965ccfc6d4b" outcome="Passed" testListId="8c84fa94-04c1-424b-9868-57a2d4851a1d" relativeResultsDirectory="bed99e96-5ae7-45f6-9c10-cf1611357110" />
    <UnitTestResult executionId="a27c1c06-b4e3-4b2e-9d65-8e0c54a900f8" testId="b322a77e-ab89-26b8-4c2a-c2fd671900cd" testName="PortProject.Api.Integration_Tests.VesselTest.Get_EndpointsReturnSuccessAndCorrectContentType(url: &quot;/api/Vessel&quot;)" computerName="MacBook-Air-de-Ines-3" duration="00:00:00.0013916" startTime="2025-10-21T10:47:07.4944900+01:00" endTime="2025-10-21T10:47:07.4944900+01:00" testType="13cdc9d9-ddb5-4fa4-a97d-d965ccfc6d4b" outcome="Failed" testListId="8c84fa94-04c1-424b-9868-57a2d4851a1d" relativeResultsDirectory="a27c1c06-b4e3-4b2e-9d65-8e0c54a900f8">
      <Output>
        <ErrorInfo>
          <Message>Microsoft.EntityFrameworkCore.DbUpdateException : An error occurred while saving the entity changes. See the inner exception for details.
---- Microsoft.Data.Sqlite.SqliteException : SQLite Error 19: 'FOREIGN KEY constraint failed'.</Message>
          <StackTrace>   at Microsoft.EntityFrameworkCore.Update.ReaderModificationCommandBatch.Execute(IRelationalConnection connection)
   at Microsoft.EntityFrameworkCore.Update.Internal.BatchExecutor.Execute(IEnumerable`1 commandBatches, IRelationalConnection connection)
   at Microsoft.EntityFrameworkCore.Storage.RelationalDatabase.SaveChanges(IList`1 entries)
   at Microsoft.EntityFrameworkCore.ChangeTracking.Internal.StateManager.SaveChanges(IList`1 entriesToSave)
   at Microsoft.EntityFrameworkCore.ChangeTracking.Internal.StateManager.SaveChanges(StateManager stateManager, Boolean acceptAllChangesOnSuccess)
   at Microsoft.EntityFrameworkCore.ChangeTracking.Internal.StateManager.&lt;&gt;c.&lt;SaveChanges&gt;b__112_0(DbContext _, ValueTuple`2 t)
   at Microsoft.EntityFrameworkCore.Storage.NonRetryingExecutionStrategy.Execute[TState,TResult](TState state, Func`3 operation, Func`3 verifySucceeded)
   at Microsoft.EntityFrameworkCore.ChangeTracking.Internal.StateManager.SaveChanges(Boolean acceptAllChangesOnSuccess)
   at Microsoft.EntityFrameworkCore.DbContext.SaveChanges(Boolean acceptAllChangesOnSuccess)
   at Microsoft.EntityFrameworkCore.DbContext.SaveChanges()
   at PortProject.Api.Integration_Tests.Helpers.VesselTypeUtilities.ReinitializeDbForTests(PortProjectContext db) in /Users/inesgomesoliveira/RiderProjects/LEI-SEM5-PI-2025-26-3DL-02- NOVO/PortProject.Api.Integration_Tests/Helpers/Utilities.cs:line 31
   at PortProject.Api.Integration_Tests.VesselTest.ReinitializeVesselsDb(PortProjectContext db) in /Users/inesgomesoliveira/RiderProjects/LEI-SEM5-PI-2025-26-3DL-02- NOVO/PortProject.Api.Integration_Tests/VesselTest.cs:line 33
   at PortProject.Api.Integration_Tests.VesselTest.Get_EndpointsReturnSuccessAndCorrectContentType(String url) in /Users/inesgomesoliveira/RiderProjects/LEI-SEM5-PI-2025-26-3DL-02- NOVO/PortProject.Api.Integration_Tests/VesselTest.cs:line 55
--- End of stack trace from previous location ---
----- Inner Stack Trace -----
   at Microsoft.Data.Sqlite.SqliteException.ThrowExceptionForRC(Int32 rc, sqlite3 db)
   at Microsoft.Data.Sqlite.SqliteDataReader.NextResult()
   at Microsoft.Data.Sqlite.SqliteCommand.ExecuteReader(CommandBehavior behavior)
   at Microsoft.Data.Sqlite.SqliteCommand.ExecuteDbDataReader(CommandBehavior behavior)
   at Microsoft.EntityFrameworkCore.Storage.RelationalCommand.ExecuteReader(RelationalCommandParameterObject parameterObject)
   at Microsoft.EntityFrameworkCore.Update.ReaderModificationCommandBatch.Execute(IRelationalConnection connection)</StackTrace>
        </ErrorInfo>
      </Output>
    </UnitTestResult>
    <UnitTestResult executionId="5976bdcb-7b55-420a-92f8-60797353788f" testId="577d2157-0200-8f06-37d0-8cdceb9478c5" testName="PortProject.Api.Integration_Tests.VesselTypeTest.Post_CreatesVesselType" computerName="MacBook-Air-de-Ines-3" duration="00:00:00.0151233" startTime="2025-10-21T10:47:07.5241090+01:00" endTime="2025-10-21T10:47:07.5241090+01:00" testType="13cdc9d9-ddb5-4fa4-a97d-d965ccfc6d4b" outcome="Passed" testListId="8c84fa94-04c1-424b-9868-57a2d4851a1d" relativeResultsDirectory="5976bdcb-7b55-420a-92f8-60797353788f" />
    <UnitTestResult executionId="41459a70-5f22-47cf-aa8d-fd6409b14a5e" testId="2f6a96e6-b286-a9b7-1271-4e5694c11d1b" testName="PortProject.Api.Integration_Tests.VesselTest.Put_UpdatesVessel" computerName="MacBook-Air-de-Ines-3" duration="00:00:00.0016967" startTime="2025-10-21T10:47:07.4925890+01:00" endTime="2025-10-21T10:47:07.4925900+01:00" testType="13cdc9d9-ddb5-4fa4-a97d-d965ccfc6d4b" outcome="Failed" testListId="8c84fa94-04c1-424b-9868-57a2d4851a1d" relativeResultsDirectory="41459a70-5f22-47cf-aa8d-fd6409b14a5e">
      <Output>
        <ErrorInfo>
          <Message>Microsoft.EntityFrameworkCore.DbUpdateException : An error occurred while saving the entity changes. See the inner exception for details.
---- Microsoft.Data.Sqlite.SqliteException : SQLite Error 19: 'FOREIGN KEY constraint failed'.</Message>
          <StackTrace>   at Microsoft.EntityFrameworkCore.Update.ReaderModificationCommandBatch.Execute(IRelationalConnection connection)
   at Microsoft.EntityFrameworkCore.Update.Internal.BatchExecutor.Execute(IEnumerable`1 commandBatches, IRelationalConnection connection)
   at Microsoft.EntityFrameworkCore.Storage.RelationalDatabase.SaveChanges(IList`1 entries)
   at Microsoft.EntityFrameworkCore.ChangeTracking.Internal.StateManager.SaveChanges(IList`1 entriesToSave)
   at Microsoft.EntityFrameworkCore.ChangeTracking.Internal.StateManager.SaveChanges(StateManager stateManager, Boolean acceptAllChangesOnSuccess)
   at Microsoft.EntityFrameworkCore.ChangeTracking.Internal.StateManager.&lt;&gt;c.&lt;SaveChanges&gt;b__112_0(DbContext _, ValueTuple`2 t)
   at Microsoft.EntityFrameworkCore.Storage.NonRetryingExecutionStrategy.Execute[TState,TResult](TState state, Func`3 operation, Func`3 verifySucceeded)
   at Microsoft.EntityFrameworkCore.ChangeTracking.Internal.StateManager.SaveChanges(Boolean acceptAllChangesOnSuccess)
   at Microsoft.EntityFrameworkCore.DbContext.SaveChanges(Boolean acceptAllChangesOnSuccess)
   at Microsoft.EntityFrameworkCore.DbContext.SaveChanges()
   at PortProject.Api.Integration_Tests.Helpers.VesselTypeUtilities.ReinitializeDbForTests(PortProjectContext db) in /Users/inesgomesoliveira/RiderProjects/LEI-SEM5-PI-2025-26-3DL-02- NOVO/PortProject.Api.Integration_Tests/Helpers/Utilities.cs:line 31
   at PortProject.Api.Integration_Tests.VesselTest.ReinitializeVesselsDb(PortProjectContext db) in /Users/inesgomesoliveira/RiderProjects/LEI-SEM5-PI-2025-26-3DL-02- NOVO/PortProject.Api.Integration_Tests/VesselTest.cs:line 33
   at PortProject.Api.Integration_Tests.VesselTest.Put_UpdatesVessel() in /Users/inesgomesoliveira/RiderProjects/LEI-SEM5-PI-2025-26-3DL-02- NOVO/PortProject.Api.Integration_Tests/VesselTest.cs:line 231
--- End of stack trace from previous location ---
----- Inner Stack Trace -----
   at Microsoft.Data.Sqlite.SqliteException.ThrowExceptionForRC(Int32 rc, sqlite3 db)
   at Microsoft.Data.Sqlite.SqliteDataReader.NextResult()
   at Microsoft.Data.Sqlite.SqliteCommand.ExecuteReader(CommandBehavior behavior)
   at Microsoft.Data.Sqlite.SqliteCommand.ExecuteDbDataReader(CommandBehavior behavior)
   at Microsoft.EntityFrameworkCore.Storage.RelationalCommand.ExecuteReader(RelationalCommandParameterObject parameterObject)
   at Microsoft.EntityFrameworkCore.Update.ReaderModificationCommandBatch.Execute(IRelationalConnection connection)</StackTrace>
        </ErrorInfo>
      </Output>
    </UnitTestResult>
    <UnitTestResult executionId="f27d3cfc-d998-474f-ac77-e18207f4018d" testId="290b8cc3-fdcc-a177-2123-bfd974feb23c" testName="PortProject.Api.Integration_Tests.VesselTest.Post_EmptyName_ReturnsBadRequest" computerName="MacBook-Air-de-Ines-3" duration="00:00:00.0014485" startTime="2025-10-21T10:47:07.4932500+01:00" endTime="2025-10-21T10:47:07.4932500+01:00" testType="13cdc9d9-ddb5-4fa4-a97d-d965ccfc6d4b" outcome="Failed" testListId="8c84fa94-04c1-424b-9868-57a2d4851a1d" relativeResultsDirectory="f27d3cfc-d998-474f-ac77-e18207f4018d">
      <Output>
        <ErrorInfo>
          <Message>Microsoft.EntityFrameworkCore.DbUpdateException : An error occurred while saving the entity changes. See the inner exception for details.
---- Microsoft.Data.Sqlite.SqliteException : SQLite Error 19: 'FOREIGN KEY constraint failed'.</Message>
          <StackTrace>   at Microsoft.EntityFrameworkCore.Update.ReaderModificationCommandBatch.Execute(IRelationalConnection connection)
   at Microsoft.EntityFrameworkCore.Update.Internal.BatchExecutor.Execute(IEnumerable`1 commandBatches, IRelationalConnection connection)
   at Microsoft.EntityFrameworkCore.Storage.RelationalDatabase.SaveChanges(IList`1 entries)
   at Microsoft.EntityFrameworkCore.ChangeTracking.Internal.StateManager.SaveChanges(IList`1 entriesToSave)
   at Microsoft.EntityFrameworkCore.ChangeTracking.Internal.StateManager.SaveChanges(StateManager stateManager, Boolean acceptAllChangesOnSuccess)
   at Microsoft.EntityFrameworkCore.ChangeTracking.Internal.StateManager.&lt;&gt;c.&lt;SaveChanges&gt;b__112_0(DbContext _, ValueTuple`2 t)
   at Microsoft.EntityFrameworkCore.Storage.NonRetryingExecutionStrategy.Execute[TState,TResult](TState state, Func`3 operation, Func`3 verifySucceeded)
   at Microsoft.EntityFrameworkCore.ChangeTracking.Internal.StateManager.SaveChanges(Boolean acceptAllChangesOnSuccess)
   at Microsoft.EntityFrameworkCore.DbContext.SaveChanges(Boolean acceptAllChangesOnSuccess)
   at Microsoft.EntityFrameworkCore.DbContext.SaveChanges()
   at PortProject.Api.Integration_Tests.Helpers.VesselTypeUtilities.ReinitializeDbForTests(PortProjectContext db) in /Users/inesgomesoliveira/RiderProjects/LEI-SEM5-PI-2025-26-3DL-02- NOVO/PortProject.Api.Integration_Tests/Helpers/Utilities.cs:line 31
   at PortProject.Api.Integration_Tests.VesselTest.ReinitializeVesselsDb(PortProjectContext db) in /Users/inesgomesoliveira/RiderProjects/LEI-SEM5-PI-2025-26-3DL-02- NOVO/PortProject.Api.Integration_Tests/VesselTest.cs:line 33
   at PortProject.Api.Integration_Tests.VesselTest.Post_EmptyName_ReturnsBadRequest() in /Users/inesgomesoliveira/RiderProjects/LEI-SEM5-PI-2025-26-3DL-02- NOVO/PortProject.Api.Integration_Tests/VesselTest.cs:line 202
--- End of stack trace from previous location ---
----- Inner Stack Trace -----
   at Microsoft.Data.Sqlite.SqliteException.ThrowExceptionForRC(Int32 rc, sqlite3 db)
   at Microsoft.Data.Sqlite.SqliteDataReader.NextResult()
   at Microsoft.Data.Sqlite.SqliteCommand.ExecuteReader(CommandBehavior behavior)
   at Microsoft.Data.Sqlite.SqliteCommand.ExecuteDbDataReader(CommandBehavior behavior)
   at Microsoft.EntityFrameworkCore.Storage.RelationalCommand.ExecuteReader(RelationalCommandParameterObject parameterObject)
   at Microsoft.EntityFrameworkCore.Update.ReaderModificationCommandBatch.Execute(IRelationalConnection connection)</StackTrace>
        </ErrorInfo>
      </Output>
    </UnitTestResult>
    <UnitTestResult executionId="f208b511-62d5-4bb4-86e3-7cfd53ccfed3" testId="079a7cd3-3647-84d8-0c34-f0ad3f774640" testName="PortProject.Api.Integration_Tests.VesselTypeTest.Post_InvalidId_ReturnsBadRequest" computerName="MacBook-Air-de-Ines-3" duration="00:00:00.0044890" startTime="2025-10-21T10:47:07.4971330+01:00" endTime="2025-10-21T10:47:07.4971330+01:00" testType="13cdc9d9-ddb5-4fa4-a97d-d965ccfc6d4b" outcome="Passed" testListId="8c84fa94-04c1-424b-9868-57a2d4851a1d" relativeResultsDirectory="f208b511-62d5-4bb4-86e3-7cfd53ccfed3" />
    <UnitTestResult executionId="bcc3679b-d12b-4a41-a8a4-b52a92a0fdd7" testId="92bf565c-4a39-eee4-b6eb-33601480cd08" testName="PortProject.Api.Integration_Tests.VesselTypeTest.Get_VesselTypeById_ReturnsCorrectVesselType" computerName="MacBook-Air-de-Ines-3" duration="00:00:00.0015584" startTime="2025-10-21T10:47:07.4935670+01:00" endTime="2025-10-21T10:47:07.4935670+01:00" testType="13cdc9d9-ddb5-4fa4-a97d-d965ccfc6d4b" outcome="Failed" testListId="8c84fa94-04c1-424b-9868-57a2d4851a1d" relativeResultsDirectory="bcc3679b-d12b-4a41-a8a4-b52a92a0fdd7">
      <Output>
        <ErrorInfo>
          <Message>Microsoft.EntityFrameworkCore.DbUpdateException : An error occurred while saving the entity changes. See the inner exception for details.
---- Microsoft.Data.Sqlite.SqliteException : SQLite Error 19: 'FOREIGN KEY constraint failed'.</Message>
          <StackTrace>   at Microsoft.EntityFrameworkCore.Update.ReaderModificationCommandBatch.Execute(IRelationalConnection connection)
   at Microsoft.EntityFrameworkCore.Update.Internal.BatchExecutor.Execute(IEnumerable`1 commandBatches, IRelationalConnection connection)
   at Microsoft.EntityFrameworkCore.Storage.RelationalDatabase.SaveChanges(IList`1 entries)
   at Microsoft.EntityFrameworkCore.ChangeTracking.Internal.StateManager.SaveChanges(IList`1 entriesToSave)
   at Microsoft.EntityFrameworkCore.ChangeTracking.Internal.StateManager.SaveChanges(StateManager stateManager, Boolean acceptAllChangesOnSuccess)
   at Microsoft.EntityFrameworkCore.ChangeTracking.Internal.StateManager.&lt;&gt;c.&lt;SaveChanges&gt;b__112_0(DbContext _, ValueTuple`2 t)
   at Microsoft.EntityFrameworkCore.Storage.NonRetryingExecutionStrategy.Execute[TState,TResult](TState state, Func`3 operation, Func`3 verifySucceeded)
   at Microsoft.EntityFrameworkCore.ChangeTracking.Internal.StateManager.SaveChanges(Boolean acceptAllChangesOnSuccess)
   at Microsoft.EntityFrameworkCore.DbContext.SaveChanges(Boolean acceptAllChangesOnSuccess)
   at Microsoft.EntityFrameworkCore.DbContext.SaveChanges()
   at PortProject.Api.Integration_Tests.Helpers.VesselTypeUtilities.ReinitializeDbForTests(PortProjectContext db) in /Users/inesgomesoliveira/RiderProjects/LEI-SEM5-PI-2025-26-3DL-02- NOVO/PortProject.Api.Integration_Tests/Helpers/Utilities.cs:line 31
   at PortProject.Api.Integration_Tests.VesselTypeTest.Get_VesselTypeById_ReturnsCorrectVesselType() in /Users/inesgomesoliveira/RiderProjects/LEI-SEM5-PI-2025-26-3DL-02- NOVO/PortProject.Api.Integration_Tests/VesselTypeTest.cs:line 80
--- End of stack trace from previous location ---
----- Inner Stack Trace -----
   at Microsoft.Data.Sqlite.SqliteException.ThrowExceptionForRC(Int32 rc, sqlite3 db)
   at Microsoft.Data.Sqlite.SqliteDataReader.NextResult()
   at Microsoft.Data.Sqlite.SqliteCommand.ExecuteReader(CommandBehavior behavior)
   at Microsoft.Data.Sqlite.SqliteCommand.ExecuteDbDataReader(CommandBehavior behavior)
   at Microsoft.EntityFrameworkCore.Storage.RelationalCommand.ExecuteReader(RelationalCommandParameterObject parameterObject)
   at Microsoft.EntityFrameworkCore.Update.ReaderModificationCommandBatch.Execute(IRelationalConnection connection)</StackTrace>
        </ErrorInfo>
      </Output>
    </UnitTestResult>
    <UnitTestResult executionId="58bb7661-d91c-4d10-b4c3-e60ce2ef42aa" testId="023da727-723c-deba-6a5a-f0c5f925ffac" testName="PortProject.Api.Integration_Tests.VesselTest.Get_VesselByImo_NotFound_Returns404" computerName="MacBook-Air-de-Ines-3" duration="00:00:00.0013873" startTime="2025-10-21T10:47:07.4917070+01:00" endTime="2025-10-21T10:47:07.4917070+01:00" testType="13cdc9d9-ddb5-4fa4-a97d-d965ccfc6d4b" outcome="Failed" testListId="8c84fa94-04c1-424b-9868-57a2d4851a1d" relativeResultsDirectory="58bb7661-d91c-4d10-b4c3-e60ce2ef42aa">
      <Output>
        <ErrorInfo>
          <Message>Microsoft.EntityFrameworkCore.DbUpdateException : An error occurred while saving the entity changes. See the inner exception for details.
---- Microsoft.Data.Sqlite.SqliteException : SQLite Error 19: 'FOREIGN KEY constraint failed'.</Message>
          <StackTrace>   at Microsoft.EntityFrameworkCore.Update.ReaderModificationCommandBatch.Execute(IRelationalConnection connection)
   at Microsoft.EntityFrameworkCore.Update.Internal.BatchExecutor.Execute(IEnumerable`1 commandBatches, IRelationalConnection connection)
   at Microsoft.EntityFrameworkCore.Storage.RelationalDatabase.SaveChanges(IList`1 entries)
   at Microsoft.EntityFrameworkCore.ChangeTracking.Internal.StateManager.SaveChanges(IList`1 entriesToSave)
   at Microsoft.EntityFrameworkCore.ChangeTracking.Internal.StateManager.SaveChanges(StateManager stateManager, Boolean acceptAllChangesOnSuccess)
   at Microsoft.EntityFrameworkCore.ChangeTracking.Internal.StateManager.&lt;&gt;c.&lt;SaveChanges&gt;b__112_0(DbContext _, ValueTuple`2 t)
   at Microsoft.EntityFrameworkCore.Storage.NonRetryingExecutionStrategy.Execute[TState,TResult](TState state, Func`3 operation, Func`3 verifySucceeded)
   at Microsoft.EntityFrameworkCore.ChangeTracking.Internal.StateManager.SaveChanges(Boolean acceptAllChangesOnSuccess)
   at Microsoft.EntityFrameworkCore.DbContext.SaveChanges(Boolean acceptAllChangesOnSuccess)
   at Microsoft.EntityFrameworkCore.DbContext.SaveChanges()
   at PortProject.Api.Integration_Tests.Helpers.VesselTypeUtilities.ReinitializeDbForTests(PortProjectContext db) in /Users/inesgomesoliveira/RiderProjects/LEI-SEM5-PI-2025-26-3DL-02- NOVO/PortProject.Api.Integration_Tests/Helpers/Utilities.cs:line 31
   at PortProject.Api.Integration_Tests.VesselTest.ReinitializeVesselsDb(PortProjectContext db) in /Users/inesgomesoliveira/RiderProjects/LEI-SEM5-PI-2025-26-3DL-02- NOVO/PortProject.Api.Integration_Tests/VesselTest.cs:line 33
   at PortProject.Api.Integration_Tests.VesselTest.Get_VesselByImo_NotFound_Returns404() in /Users/inesgomesoliveira/RiderProjects/LEI-SEM5-PI-2025-26-3DL-02- NOVO/PortProject.Api.Integration_Tests/VesselTest.cs:line 122
--- End of stack trace from previous location ---
----- Inner Stack Trace -----
   at Microsoft.Data.Sqlite.SqliteException.ThrowExceptionForRC(Int32 rc, sqlite3 db)
   at Microsoft.Data.Sqlite.SqliteDataReader.NextResult()
   at Microsoft.Data.Sqlite.SqliteCommand.ExecuteReader(CommandBehavior behavior)
   at Microsoft.Data.Sqlite.SqliteCommand.ExecuteDbDataReader(CommandBehavior behavior)
   at Microsoft.EntityFrameworkCore.Storage.RelationalCommand.ExecuteReader(RelationalCommandParameterObject parameterObject)
   at Microsoft.EntityFrameworkCore.Update.ReaderModificationCommandBatch.Execute(IRelationalConnection connection)</StackTrace>
        </ErrorInfo>
      </Output>
    </UnitTestResult>
    <UnitTestResult executionId="0b68fbef-5ca6-4177-9b03-f20034247413" testId="f3f10e9a-89fc-ab55-0260-1f5faddd3b38" testName="PortProject.Api.Integration_Tests.VesselTypeTest.Put_UpdatesVesselType" computerName="MacBook-Air-de-Ines-3" duration="00:00:00.0062506" startTime="2025-10-21T10:47:07.4950560+01:00" endTime="2025-10-21T10:47:07.4950560+01:00" testType="13cdc9d9-ddb5-4fa4-a97d-d965ccfc6d4b" outcome="Failed" testListId="8c84fa94-04c1-424b-9868-57a2d4851a1d" relativeResultsDirectory="0b68fbef-5ca6-4177-9b03-f20034247413">
      <Output>
        <ErrorInfo>
          <Message>Microsoft.EntityFrameworkCore.DbUpdateException : An error occurred while saving the entity changes. See the inner exception for details.
---- Microsoft.Data.Sqlite.SqliteException : SQLite Error 19: 'FOREIGN KEY constraint failed'.</Message>
          <StackTrace>   at Microsoft.EntityFrameworkCore.Update.ReaderModificationCommandBatch.Execute(IRelationalConnection connection)
   at Microsoft.EntityFrameworkCore.Update.Internal.BatchExecutor.Execute(IEnumerable`1 commandBatches, IRelationalConnection connection)
   at Microsoft.EntityFrameworkCore.Storage.RelationalDatabase.SaveChanges(IList`1 entries)
   at Microsoft.EntityFrameworkCore.ChangeTracking.Internal.StateManager.SaveChanges(IList`1 entriesToSave)
   at Microsoft.EntityFrameworkCore.ChangeTracking.Internal.StateManager.SaveChanges(StateManager stateManager, Boolean acceptAllChangesOnSuccess)
   at Microsoft.EntityFrameworkCore.ChangeTracking.Internal.StateManager.&lt;&gt;c.&lt;SaveChanges&gt;b__112_0(DbContext _, ValueTuple`2 t)
   at Microsoft.EntityFrameworkCore.Storage.NonRetryingExecutionStrategy.Execute[TState,TResult](TState state, Func`3 operation, Func`3 verifySucceeded)
   at Microsoft.EntityFrameworkCore.ChangeTracking.Internal.StateManager.SaveChanges(Boolean acceptAllChangesOnSuccess)
   at Microsoft.EntityFrameworkCore.DbContext.SaveChanges(Boolean acceptAllChangesOnSuccess)
   at Microsoft.EntityFrameworkCore.DbContext.SaveChanges()
   at PortProject.Api.Integration_Tests.Helpers.VesselTypeUtilities.ReinitializeDbForTests(PortProjectContext db) in /Users/inesgomesoliveira/RiderProjects/LEI-SEM5-PI-2025-26-3DL-02- NOVO/PortProject.Api.Integration_Tests/Helpers/Utilities.cs:line 31
   at PortProject.Api.Integration_Tests.VesselTypeTest.Put_UpdatesVesselType() in /Users/inesgomesoliveira/RiderProjects/LEI-SEM5-PI-2025-26-3DL-02- NOVO/PortProject.Api.Integration_Tests/VesselTypeTest.cs:line 203
--- End of stack trace from previous location ---
----- Inner Stack Trace -----
   at Microsoft.Data.Sqlite.SqliteException.ThrowExceptionForRC(Int32 rc, sqlite3 db)
   at Microsoft.Data.Sqlite.SqliteDataReader.NextResult()
   at Microsoft.Data.Sqlite.SqliteCommand.ExecuteReader(CommandBehavior behavior)
   at Microsoft.Data.Sqlite.SqliteCommand.ExecuteDbDataReader(CommandBehavior behavior)
   at Microsoft.EntityFrameworkCore.Storage.RelationalCommand.ExecuteReader(RelationalCommandParameterObject parameterObject)
   at Microsoft.EntityFrameworkCore.Update.ReaderModificationCommandBatch.Execute(IRelationalConnection connection)</StackTrace>
        </ErrorInfo>
      </Output>
    </UnitTestResult>
    <UnitTestResult executionId="6677c956-228e-4d2c-a114-bc4c14453ca3" testId="4b0f2772-3cd8-8103-b8ef-aaa2603d3cbe" testName="PortProject.Api.Integration_Tests.VesselTypeTest.Put_IdMismatch_ReturnsBadRequest" computerName="MacBook-Air-de-Ines-3" duration="00:00:00.0052969" startTime="2025-10-21T10:47:07.5050040+01:00" endTime="2025-10-21T10:47:07.5050040+01:00" testType="13cdc9d9-ddb5-4fa4-a97d-d965ccfc6d4b" outcome="Passed" testListId="8c84fa94-04c1-424b-9868-57a2d4851a1d" relativeResultsDirectory="6677c956-228e-4d2c-a114-bc4c14453ca3" />
    <UnitTestResult executionId="a52ce60f-1826-4eeb-88af-bd831f5fa732" testId="1b59bb86-4128-1183-e91c-2967101a29ab" testName="PortProject.Api.Integration_Tests.VesselTypeTest.Get_Search_ReturnsMatchingVesselTypes" computerName="MacBook-Air-de-Ines-3" duration="00:00:00.0026300" startTime="2025-10-21T10:47:07.5007320+01:00" endTime="2025-10-21T10:47:07.5007320+01:00" testType="13cdc9d9-ddb5-4fa4-a97d-d965ccfc6d4b" outcome="Failed" testListId="8c84fa94-04c1-424b-9868-57a2d4851a1d" relativeResultsDirectory="a52ce60f-1826-4eeb-88af-bd831f5fa732">
      <Output>
        <ErrorInfo>
          <Message>Microsoft.EntityFrameworkCore.DbUpdateException : An error occurred while saving the entity changes. See the inner exception for details.
---- Microsoft.Data.Sqlite.SqliteException : SQLite Error 19: 'FOREIGN KEY constraint failed'.</Message>
          <StackTrace>   at Microsoft.EntityFrameworkCore.Update.ReaderModificationCommandBatch.Execute(IRelationalConnection connection)
   at Microsoft.EntityFrameworkCore.Update.Internal.BatchExecutor.Execute(IEnumerable`1 commandBatches, IRelationalConnection connection)
   at Microsoft.EntityFrameworkCore.Storage.RelationalDatabase.SaveChanges(IList`1 entries)
   at Microsoft.EntityFrameworkCore.ChangeTracking.Internal.StateManager.SaveChanges(IList`1 entriesToSave)
   at Microsoft.EntityFrameworkCore.ChangeTracking.Internal.StateManager.SaveChanges(StateManager stateManager, Boolean acceptAllChangesOnSuccess)
   at Microsoft.EntityFrameworkCore.ChangeTracking.Internal.StateManager.&lt;&gt;c.&lt;SaveChanges&gt;b__112_0(DbContext _, ValueTuple`2 t)
   at Microsoft.EntityFrameworkCore.Storage.NonRetryingExecutionStrategy.Execute[TState,TResult](TState state, Func`3 operation, Func`3 verifySucceeded)
   at Microsoft.EntityFrameworkCore.ChangeTracking.Internal.StateManager.SaveChanges(Boolean acceptAllChangesOnSuccess)
   at Microsoft.EntityFrameworkCore.DbContext.SaveChanges(Boolean acceptAllChangesOnSuccess)
   at Microsoft.EntityFrameworkCore.DbContext.SaveChanges()
   at PortProject.Api.Integration_Tests.Helpers.VesselTypeUtilities.ReinitializeDbForTests(PortProjectContext db) in /Users/inesgomesoliveira/RiderProjects/LEI-SEM5-PI-2025-26-3DL-02- NOVO/PortProject.Api.Integration_Tests/Helpers/Utilities.cs:line 31
   at PortProject.Api.Integration_Tests.VesselTypeTest.Get_Search_ReturnsMatchingVesselTypes() in /Users/inesgomesoliveira/RiderProjects/LEI-SEM5-PI-2025-26-3DL-02- NOVO/PortProject.Api.Integration_Tests/VesselTypeTest.cs:line 304
--- End of stack trace from previous location ---
----- Inner Stack Trace -----
   at Microsoft.Data.Sqlite.SqliteException.ThrowExceptionForRC(Int32 rc, sqlite3 db)
   at Microsoft.Data.Sqlite.SqliteDataReader.NextResult()
   at Microsoft.Data.Sqlite.SqliteCommand.ExecuteReader(CommandBehavior behavior)
   at Microsoft.Data.Sqlite.SqliteCommand.ExecuteDbDataReader(CommandBehavior behavior)
   at Microsoft.EntityFrameworkCore.Storage.RelationalCommand.ExecuteReader(RelationalCommandParameterObject parameterObject)
   at Microsoft.EntityFrameworkCore.Update.ReaderModificationCommandBatch.Execute(IRelationalConnection connection)</StackTrace>
        </ErrorInfo>
      </Output>
    </UnitTestResult>
    <UnitTestResult executionId="8ea46ddb-cc85-4863-b45c-8da48e1e69db" testId="f28017ea-71e0-66a7-ca2c-f88ce3d0b469" testName="PortProject.Api.Integration_Tests.VesselTest.Get_ReturnAllVessels" computerName="MacBook-Air-de-Ines-3" duration="00:00:00.0070372" startTime="2025-10-21T10:47:07.4618390+01:00" endTime="2025-10-21T10:47:07.4618390+01:00" testType="13cdc9d9-ddb5-4fa4-a97d-d965ccfc6d4b" outcome="Failed" testListId="8c84fa94-04c1-424b-9868-57a2d4851a1d" relativeResultsDirectory="8ea46ddb-cc85-4863-b45c-8da48e1e69db">
      <Output>
        <ErrorInfo>
          <Message>Microsoft.EntityFrameworkCore.DbUpdateException : An error occurred while saving the entity changes. See the inner exception for details.
---- Microsoft.Data.Sqlite.SqliteException : SQLite Error 19: 'FOREIGN KEY constraint failed'.</Message>
          <StackTrace>   at Microsoft.EntityFrameworkCore.Update.ReaderModificationCommandBatch.Execute(IRelationalConnection connection)
   at Microsoft.EntityFrameworkCore.Update.Internal.BatchExecutor.Execute(IEnumerable`1 commandBatches, IRelationalConnection connection)
   at Microsoft.EntityFrameworkCore.Storage.RelationalDatabase.SaveChanges(IList`1 entries)
   at Microsoft.EntityFrameworkCore.ChangeTracking.Internal.StateManager.SaveChanges(IList`1 entriesToSave)
   at Microsoft.EntityFrameworkCore.ChangeTracking.Internal.StateManager.SaveChanges(StateManager stateManager, Boolean acceptAllChangesOnSuccess)
   at Microsoft.EntityFrameworkCore.ChangeTracking.Internal.StateManager.&lt;&gt;c.&lt;SaveChanges&gt;b__112_0(DbContext _, ValueTuple`2 t)
   at Microsoft.EntityFrameworkCore.Storage.NonRetryingExecutionStrategy.Execute[TState,TResult](TState state, Func`3 operation, Func`3 verifySucceeded)
   at Microsoft.EntityFrameworkCore.ChangeTracking.Internal.StateManager.SaveChanges(Boolean acceptAllChangesOnSuccess)
   at Microsoft.EntityFrameworkCore.DbContext.SaveChanges(Boolean acceptAllChangesOnSuccess)
   at Microsoft.EntityFrameworkCore.DbContext.SaveChanges()
   at PortProject.Api.Integration_Tests.Helpers.VesselTypeUtilities.ReinitializeDbForTests(PortProjectContext db) in /Users/inesgomesoliveira/RiderProjects/LEI-SEM5-PI-2025-26-3DL-02- NOVO/PortProject.Api.Integration_Tests/Helpers/Utilities.cs:line 31
   at PortProject.Api.Integration_Tests.VesselTest.ReinitializeVesselsDb(PortProjectContext db) in /Users/inesgomesoliveira/RiderProjects/LEI-SEM5-PI-2025-26-3DL-02- NOVO/PortProject.Api.Integration_Tests/VesselTest.cs:line 33
   at PortProject.Api.Integration_Tests.VesselTest.Get_ReturnAllVessels() in /Users/inesgomesoliveira/RiderProjects/LEI-SEM5-PI-2025-26-3DL-02- NOVO/PortProject.Api.Integration_Tests/VesselTest.cs:line 74
--- End of stack trace from previous location ---
----- Inner Stack Trace -----
   at Microsoft.Data.Sqlite.SqliteException.ThrowExceptionForRC(Int32 rc, sqlite3 db)
   at Microsoft.Data.Sqlite.SqliteDataReader.NextResult()
   at Microsoft.Data.Sqlite.SqliteCommand.ExecuteReader(CommandBehavior behavior)
   at Microsoft.Data.Sqlite.SqliteCommand.ExecuteDbDataReader(CommandBehavior behavior)
   at Microsoft.EntityFrameworkCore.Storage.RelationalCommand.ExecuteReader(RelationalCommandParameterObject parameterObject)
   at Microsoft.EntityFrameworkCore.Update.ReaderModificationCommandBatch.Execute(IRelationalConnection connection)</StackTrace>
        </ErrorInfo>
      </Output>
    </UnitTestResult>
    <UnitTestResult executionId="dbcac8fe-8eb7-41ba-ba4c-be98c66a96ab" testId="4cf61b86-1461-436f-2db0-2b5b5efcd7bd" testName="PortProject.Api.Integration_Tests.VesselTest.Post_InvalidImo_ReturnsBadRequest" computerName="MacBook-Air-de-Ines-3" duration="00:00:00.0022602" startTime="2025-10-21T10:47:07.4550120+01:00" endTime="2025-10-21T10:47:07.4550120+01:00" testType="13cdc9d9-ddb5-4fa4-a97d-d965ccfc6d4b" outcome="Failed" testListId="8c84fa94-04c1-424b-9868-57a2d4851a1d" relativeResultsDirectory="dbcac8fe-8eb7-41ba-ba4c-be98c66a96ab">
      <Output>
        <ErrorInfo>
          <Message>Microsoft.EntityFrameworkCore.DbUpdateException : An error occurred while saving the entity changes. See the inner exception for details.
---- Microsoft.Data.Sqlite.SqliteException : SQLite Error 19: 'FOREIGN KEY constraint failed'.</Message>
          <StackTrace>   at Microsoft.EntityFrameworkCore.Update.ReaderModificationCommandBatch.Execute(IRelationalConnection connection)
   at Microsoft.EntityFrameworkCore.Update.Internal.BatchExecutor.Execute(IEnumerable`1 commandBatches, IRelationalConnection connection)
   at Microsoft.EntityFrameworkCore.Storage.RelationalDatabase.SaveChanges(IList`1 entries)
   at Microsoft.EntityFrameworkCore.ChangeTracking.Internal.StateManager.SaveChanges(IList`1 entriesToSave)
   at Microsoft.EntityFrameworkCore.ChangeTracking.Internal.StateManager.SaveChanges(StateManager stateManager, Boolean acceptAllChangesOnSuccess)
   at Microsoft.EntityFrameworkCore.ChangeTracking.Internal.StateManager.&lt;&gt;c.&lt;SaveChanges&gt;b__112_0(DbContext _, ValueTuple`2 t)
   at Microsoft.EntityFrameworkCore.Storage.NonRetryingExecutionStrategy.Execute[TState,TResult](TState state, Func`3 operation, Func`3 verifySucceeded)
   at Microsoft.EntityFrameworkCore.ChangeTracking.Internal.StateManager.SaveChanges(Boolean acceptAllChangesOnSuccess)
   at Microsoft.EntityFrameworkCore.DbContext.SaveChanges(Boolean acceptAllChangesOnSuccess)
   at Microsoft.EntityFrameworkCore.DbContext.SaveChanges()
   at PortProject.Api.Integration_Tests.Helpers.VesselTypeUtilities.ReinitializeDbForTests(PortProjectContext db) in /Users/inesgomesoliveira/RiderProjects/LEI-SEM5-PI-2025-26-3DL-02- NOVO/PortProject.Api.Integration_Tests/Helpers/Utilities.cs:line 31
   at PortProject.Api.Integration_Tests.VesselTest.ReinitializeVesselsDb(PortProjectContext db) in /Users/inesgomesoliveira/RiderProjects/LEI-SEM5-PI-2025-26-3DL-02- NOVO/PortProject.Api.Integration_Tests/VesselTest.cs:line 33
   at PortProject.Api.Integration_Tests.VesselTest.Post_InvalidImo_ReturnsBadRequest() in /Users/inesgomesoliveira/RiderProjects/LEI-SEM5-PI-2025-26-3DL-02- NOVO/PortProject.Api.Integration_Tests/VesselTest.cs:line 174
--- End of stack trace from previous location ---
----- Inner Stack Trace -----
   at Microsoft.Data.Sqlite.SqliteException.ThrowExceptionForRC(Int32 rc, sqlite3 db)
   at Microsoft.Data.Sqlite.SqliteDataReader.NextResult()
   at Microsoft.Data.Sqlite.SqliteCommand.ExecuteReader(CommandBehavior behavior)
   at Microsoft.Data.Sqlite.SqliteCommand.ExecuteDbDataReader(CommandBehavior behavior)
   at Microsoft.EntityFrameworkCore.Storage.RelationalCommand.ExecuteReader(RelationalCommandParameterObject parameterObject)
   at Microsoft.EntityFrameworkCore.Update.ReaderModificationCommandBatch.Execute(IRelationalConnection connection)</StackTrace>
        </ErrorInfo>
      </Output>
    </UnitTestResult>
    <UnitTestResult executionId="eaea9cd0-e26b-4dac-890f-bc68f2648e17" testId="18f5bc16-c3ca-076d-0021-b419a5154c85" testName="PortProject.Api.Integration_Tests.VesselTypeTest.Get_VesselTypeById_NotFound_Returns404" computerName="MacBook-Air-de-Ines-3" duration="00:00:01.0516130" startTime="2025-10-21T10:47:07.4658980+01:00" endTime="2025-10-21T10:47:07.4658980+01:00" testType="13cdc9d9-ddb5-4fa4-a97d-d965ccfc6d4b" outcome="Failed" testListId="8c84fa94-04c1-424b-9868-57a2d4851a1d" relativeResultsDirectory="eaea9cd0-e26b-4dac-890f-bc68f2648e17">
      <Output>
        <ErrorInfo>
          <Message>Microsoft.EntityFrameworkCore.DbUpdateException : An error occurred while saving the entity changes. See the inner exception for details.
---- Microsoft.Data.Sqlite.SqliteException : SQLite Error 19: 'FOREIGN KEY constraint failed'.</Message>
          <StackTrace>   at Microsoft.EntityFrameworkCore.Update.ReaderModificationCommandBatch.Execute(IRelationalConnection connection)
   at Microsoft.EntityFrameworkCore.Update.Internal.BatchExecutor.Execute(IEnumerable`1 commandBatches, IRelationalConnection connection)
   at Microsoft.EntityFrameworkCore.Storage.RelationalDatabase.SaveChanges(IList`1 entries)
   at Microsoft.EntityFrameworkCore.ChangeTracking.Internal.StateManager.SaveChanges(IList`1 entriesToSave)
   at Microsoft.EntityFrameworkCore.ChangeTracking.Internal.StateManager.SaveChanges(StateManager stateManager, Boolean acceptAllChangesOnSuccess)
   at Microsoft.EntityFrameworkCore.ChangeTracking.Internal.StateManager.&lt;&gt;c.&lt;SaveChanges&gt;b__112_0(DbContext _, ValueTuple`2 t)
   at Microsoft.EntityFrameworkCore.Storage.NonRetryingExecutionStrategy.Execute[TState,TResult](TState state, Func`3 operation, Func`3 verifySucceeded)
   at Microsoft.EntityFrameworkCore.ChangeTracking.Internal.StateManager.SaveChanges(Boolean acceptAllChangesOnSuccess)
   at Microsoft.EntityFrameworkCore.DbContext.SaveChanges(Boolean acceptAllChangesOnSuccess)
   at Microsoft.EntityFrameworkCore.DbContext.SaveChanges()
   at PortProject.Api.Integration_Tests.Helpers.VesselTypeUtilities.ReinitializeDbForTests(PortProjectContext db) in /Users/inesgomesoliveira/RiderProjects/LEI-SEM5-PI-2025-26-3DL-02- NOVO/PortProject.Api.Integration_Tests/Helpers/Utilities.cs:line 31
   at PortProject.Api.Integration_Tests.VesselTypeTest.Get_VesselTypeById_NotFound_Returns404() in /Users/inesgomesoliveira/RiderProjects/LEI-SEM5-PI-2025-26-3DL-02- NOVO/PortProject.Api.Integration_Tests/VesselTypeTest.cs:line 104
--- End of stack trace from previous location ---
----- Inner Stack Trace -----
   at Microsoft.Data.Sqlite.SqliteException.ThrowExceptionForRC(Int32 rc, sqlite3 db)
   at Microsoft.Data.Sqlite.SqliteDataReader.NextResult()
   at Microsoft.Data.Sqlite.SqliteCommand.ExecuteReader(CommandBehavior behavior)
   at Microsoft.Data.Sqlite.SqliteCommand.ExecuteDbDataReader(CommandBehavior behavior)
   at Microsoft.EntityFrameworkCore.Storage.RelationalCommand.ExecuteReader(RelationalCommandParameterObject parameterObject)
   at Microsoft.EntityFrameworkCore.Update.ReaderModificationCommandBatch.Execute(IRelationalConnection connection)</StackTrace>
        </ErrorInfo>
      </Output>
    </UnitTestResult>
  </Results>
  <TestDefinitions>
    <UnitTest name="PortProject.Api.Integration_Tests.VesselTypeTest.Get_ReturnAllVesselTypes" storage="/users/inesgomesoliveira/riderprojects/lei-sem5-pi-2025-26-3dl-02- novo/portproject.api.integration_tests/bin/debug/net9.0/portproject.api.integration_tests.dll" id="f5185bb5-8da3-1119-1af3-f3a8eda57068">
      <Execution id="6a8c4dca-9e6d-4c9c-a611-addec29afb86" />
      <TestMethod codeBase="/Users/inesgomesoliveira/RiderProjects/LEI-SEM5-PI-2025-26-3DL-02- NOVO/PortProject.Api.Integration_Tests/bin/Debug/net9.0/PortProject.Api.Integration_Tests.dll" adapterTypeName="executor://xunit/VsTestRunner2/netcoreapp" className="PortProject.Api.Integration_Tests.VesselTypeTest" name="Get_ReturnAllVesselTypes" />
    </UnitTest>
    <UnitTest name="PortProject.Api.Integration_Tests.VesselTypeTest.Get_EndpointsReturnSuccessAndCorrectContentType(url: &quot;/api/VesselType&quot;)" storage="/users/inesgomesoliveira/riderprojects/lei-sem5-pi-2025-26-3dl-02- novo/portproject.api.integration_tests/bin/debug/net9.0/portproject.api.integration_tests.dll" id="2ac51184-108f-497a-f577-251a1d9f2a23">
      <Execution id="906bf23a-614c-4bce-92da-9c2ac1cea19c" />
      <TestMethod codeBase="/Users/inesgomesoliveira/RiderProjects/LEI-SEM5-PI-2025-26-3DL-02- NOVO/PortProject.Api.Integration_Tests/bin/Debug/net9.0/PortProject.Api.Integration_Tests.dll" adapterTypeName="executor://xunit/VsTestRunner2/netcoreapp" className="PortProject.Api.Integration_Tests.VesselTypeTest" name="Get_EndpointsReturnSuccessAndCorrectContentType" />
    </UnitTest>
    <UnitTest name="PortProject.Api.Integration_Tests.VesselTest.Get_VesselByImo_ReturnsCorrectVessel" storage="/users/inesgomesoliveira/riderprojects/lei-sem5-pi-2025-26-3dl-02- novo/portproject.api.integration_tests/bin/debug/net9.0/portproject.api.integration_tests.dll" id="5170afce-e77a-882b-b098-fc68916183c6">
      <Execution id="2d5df472-aa08-4b87-9f7c-05df34eeda97" />
      <TestMethod codeBase="/Users/inesgomesoliveira/RiderProjects/LEI-SEM5-PI-2025-26-3DL-02- NOVO/PortProject.Api.Integration_Tests/bin/Debug/net9.0/PortProject.Api.Integration_Tests.dll" adapterTypeName="executor://xunit/VsTestRunner2/netcoreapp" className="PortProject.Api.Integration_Tests.VesselTest" name="Get_VesselByImo_ReturnsCorrectVessel" />
    </UnitTest>
    <UnitTest name="PortProject.Api.Integration_Tests.VesselTypeTest.Get_Search_ReturnsMatchingVesselTypes" storage="/users/inesgomesoliveira/riderprojects/lei-sem5-pi-2025-26-3dl-02- novo/portproject.api.integration_tests/bin/debug/net9.0/portproject.api.integration_tests.dll" id="1b59bb86-4128-1183-e91c-2967101a29ab">
      <Execution id="a52ce60f-1826-4eeb-88af-bd831f5fa732" />
      <TestMethod codeBase="/Users/inesgomesoliveira/RiderProjects/LEI-SEM5-PI-2025-26-3DL-02- NOVO/PortProject.Api.Integration_Tests/bin/Debug/net9.0/PortProject.Api.Integration_Tests.dll" adapterTypeName="executor://xunit/VsTestRunner2/netcoreapp" className="PortProject.Api.Integration_Tests.VesselTypeTest" name="Get_Search_ReturnsMatchingVesselTypes" />
    </UnitTest>
    <UnitTest name="PortProject.Api.Integration_Tests.VesselTypeTest.Post_EmptyName_ReturnsBadRequest" storage="/users/inesgomesoliveira/riderprojects/lei-sem5-pi-2025-26-3dl-02- novo/portproject.api.integration_tests/bin/debug/net9.0/portproject.api.integration_tests.dll" id="d5cde07c-e4fc-3be3-7227-4e88b2805c70">
      <Execution id="53d97616-5650-41cc-91b2-4b38c6c67db3" />
      <TestMethod codeBase="/Users/inesgomesoliveira/RiderProjects/LEI-SEM5-PI-2025-26-3DL-02- NOVO/PortProject.Api.Integration_Tests/bin/Debug/net9.0/PortProject.Api.Integration_Tests.dll" adapterTypeName="executor://xunit/VsTestRunner2/netcoreapp" className="PortProject.Api.Integration_Tests.VesselTypeTest" name="Post_EmptyName_ReturnsBadRequest" />
    </UnitTest>
    <UnitTest name="PortProject.Api.Integration_Tests.VesselTest.Post_InvalidImo_ReturnsBadRequest" storage="/users/inesgomesoliveira/riderprojects/lei-sem5-pi-2025-26-3dl-02- novo/portproject.api.integration_tests/bin/debug/net9.0/portproject.api.integration_tests.dll" id="4cf61b86-1461-436f-2db0-2b5b5efcd7bd">
      <Execution id="dbcac8fe-8eb7-41ba-ba4c-be98c66a96ab" />
      <TestMethod codeBase="/Users/inesgomesoliveira/RiderProjects/LEI-SEM5-PI-2025-26-3DL-02- NOVO/PortProject.Api.Integration_Tests/bin/Debug/net9.0/PortProject.Api.Integration_Tests.dll" adapterTypeName="executor://xunit/VsTestRunner2/netcoreapp" className="PortProject.Api.Integration_Tests.VesselTest" name="Post_InvalidImo_ReturnsBadRequest" />
    </UnitTest>
    <UnitTest name="PortProject.Api.Integration_Tests.VesselTest.Post_EmptyName_ReturnsBadRequest" storage="/users/inesgomesoliveira/riderprojects/lei-sem5-pi-2025-26-3dl-02- novo/portproject.api.integration_tests/bin/debug/net9.0/portproject.api.integration_tests.dll" id="290b8cc3-fdcc-a177-2123-bfd974feb23c">
      <Execution id="f27d3cfc-d998-474f-ac77-e18207f4018d" />
      <TestMethod codeBase="/Users/inesgomesoliveira/RiderProjects/LEI-SEM5-PI-2025-26-3DL-02- NOVO/PortProject.Api.Integration_Tests/bin/Debug/net9.0/PortProject.Api.Integration_Tests.dll" adapterTypeName="executor://xunit/VsTestRunner2/netcoreapp" className="PortProject.Api.Integration_Tests.VesselTest" name="Post_EmptyName_ReturnsBadRequest" />
    </UnitTest>
    <UnitTest name="PortProject.Api.Integration_Tests.VesselTypeTest.Delete_NonExistentVesselType_ReturnsNotFound" storage="/users/inesgomesoliveira/riderprojects/lei-sem5-pi-2025-26-3dl-02- novo/portproject.api.integration_tests/bin/debug/net9.0/portproject.api.integration_tests.dll" id="f12c4419-a44f-afb2-4a42-d9bdd62daf6f">
      <Execution id="a3c9a667-bbbb-4e96-a576-cc3c72498b2e" />
      <TestMethod codeBase="/Users/inesgomesoliveira/RiderProjects/LEI-SEM5-PI-2025-26-3DL-02- NOVO/PortProject.Api.Integration_Tests/bin/Debug/net9.0/PortProject.Api.Integration_Tests.dll" adapterTypeName="executor://xunit/VsTestRunner2/netcoreapp" className="PortProject.Api.Integration_Tests.VesselTypeTest" name="Delete_NonExistentVesselType_ReturnsNotFound" />
    </UnitTest>
    <UnitTest name="PortProject.Api.Integration_Tests.VesselTest.Delete_NonExistentVessel_ReturnsNotFound" storage="/users/inesgomesoliveira/riderprojects/lei-sem5-pi-2025-26-3dl-02- novo/portproject.api.integration_tests/bin/debug/net9.0/portproject.api.integration_tests.dll" id="0d332f0b-82e5-ea96-622f-e4c3149a3238">
      <Execution id="ee3125f0-66d4-4312-8bf9-a2af4f346609" />
      <TestMethod codeBase="/Users/inesgomesoliveira/RiderProjects/LEI-SEM5-PI-2025-26-3DL-02- NOVO/PortProject.Api.Integration_Tests/bin/Debug/net9.0/PortProject.Api.Integration_Tests.dll" adapterTypeName="executor://xunit/VsTestRunner2/netcoreapp" className="PortProject.Api.Integration_Tests.VesselTest" name="Delete_NonExistentVessel_ReturnsNotFound" />
    </UnitTest>
    <UnitTest name="PortProject.Api.Integration_Tests.VesselTypeTest.Put_IdMismatch_ReturnsBadRequest" storage="/users/inesgomesoliveira/riderprojects/lei-sem5-pi-2025-26-3dl-02- novo/portproject.api.integration_tests/bin/debug/net9.0/portproject.api.integration_tests.dll" id="4b0f2772-3cd8-8103-b8ef-aaa2603d3cbe">
      <Execution id="6677c956-228e-4d2c-a114-bc4c14453ca3" />
      <TestMethod codeBase="/Users/inesgomesoliveira/RiderProjects/LEI-SEM5-PI-2025-26-3DL-02- NOVO/PortProject.Api.Integration_Tests/bin/Debug/net9.0/PortProject.Api.Integration_Tests.dll" adapterTypeName="executor://xunit/VsTestRunner2/netcoreapp" className="PortProject.Api.Integration_Tests.VesselTypeTest" name="Put_IdMismatch_ReturnsBadRequest" />
    </UnitTest>
    <UnitTest name="PortProject.Api.Integration_Tests.VesselTypeTest.Post_InvalidId_ReturnsBadRequest" storage="/users/inesgomesoliveira/riderprojects/lei-sem5-pi-2025-26-3dl-02- novo/portproject.api.integration_tests/bin/debug/net9.0/portproject.api.integration_tests.dll" id="079a7cd3-3647-84d8-0c34-f0ad3f774640">
      <Execution id="f208b511-62d5-4bb4-86e3-7cfd53ccfed3" />
      <TestMethod codeBase="/Users/inesgomesoliveira/RiderProjects/LEI-SEM5-PI-2025-26-3DL-02- NOVO/PortProject.Api.Integration_Tests/bin/Debug/net9.0/PortProject.Api.Integration_Tests.dll" adapterTypeName="executor://xunit/VsTestRunner2/netcoreapp" className="PortProject.Api.Integration_Tests.VesselTypeTest" name="Post_InvalidId_ReturnsBadRequest" />
    </UnitTest>
    <UnitTest name="PortProject.Api.Integration_Tests.VesselTest.Put_UpdatesVessel" storage="/users/inesgomesoliveira/riderprojects/lei-sem5-pi-2025-26-3dl-02- novo/portproject.api.integration_tests/bin/debug/net9.0/portproject.api.integration_tests.dll" id="2f6a96e6-b286-a9b7-1271-4e5694c11d1b">
      <Execution id="41459a70-5f22-47cf-aa8d-fd6409b14a5e" />
      <TestMethod codeBase="/Users/inesgomesoliveira/RiderProjects/LEI-SEM5-PI-2025-26-3DL-02- NOVO/PortProject.Api.Integration_Tests/bin/Debug/net9.0/PortProject.Api.Integration_Tests.dll" adapterTypeName="executor://xunit/VsTestRunner2/netcoreapp" className="PortProject.Api.Integration_Tests.VesselTest" name="Put_UpdatesVessel" />
    </UnitTest>
[...]
         at Microsoft.EntityFrameworkCore.ChangeTracking.Internal.StateManager.SaveChanges(Boolean acceptAllChangesOnSuccess)
         at Microsoft.EntityFrameworkCore.DbContext.SaveChanges(Boolean acceptAllChangesOnSuccess)
      Microsoft.EntityFrameworkCore.DbUpdateException: An error occurred while saving the entity changes. See the inner exception for details.
       ---&gt; Microsoft.Data.Sqlite.SqliteException (0x80004005): SQLite Error 19: 'FOREIGN KEY constraint failed'.
         at Microsoft.Data.Sqlite.SqliteException.ThrowExceptionForRC(Int32 rc, sqlite3 db)
         at Microsoft.Data.Sqlite.SqliteDataReader.NextResult()
         at Microsoft.Data.Sqlite.SqliteCommand.ExecuteReader(CommandBehavior behavior)
         at Microsoft.Data.Sqlite.SqliteCommand.ExecuteDbDataReader(CommandBehavior behavior)
         at Microsoft.EntityFrameworkCore.Storage.RelationalCommand.ExecuteReader(RelationalCommandParameterObject parameterObject)
         at Microsoft.EntityFrameworkCore.Update.ReaderModificationCommandBatch.Execute(IRelationalConnection connection)
         --- End of inner exception stack trace ---
         at Microsoft.EntityFrameworkCore.Update.ReaderModificationCommandBatch.Execute(IRelationalConnection connection)
         at Microsoft.EntityFrameworkCore.Update.Internal.BatchExecutor.Execute(IEnumerable`1 commandBatches, IRelationalConnection connection)
         at Microsoft.EntityFrameworkCore.Storage.RelationalDatabase.SaveChanges(IList`1 entries)
         at Microsoft.EntityFrameworkCore.ChangeTracking.Internal.StateManager.SaveChanges(IList`1 entriesToSave)
         at Microsoft.EntityFrameworkCore.ChangeTracking.Internal.StateManager.SaveChanges(StateManager stateManager, Boolean acceptAllChangesOnSuccess)
         at Microsoft.EntityFrameworkCore.ChangeTracking.Internal.StateManager.&lt;&gt;c.&lt;SaveChanges&gt;b__112_0(DbContext _, ValueTuple`2 t)
         at Microsoft.EntityFrameworkCore.Storage.NonRetryingExecutionStrategy.Execute[TState,TResult](TState state, Func`3 operation, Func`3 verifySucceeded)
         at Microsoft.EntityFrameworkCore.ChangeTracking.Internal.StateManager.SaveChanges(Boolean acceptAllChangesOnSuccess)
         at Microsoft.EntityFrameworkCore.DbContext.SaveChanges(Boolean acceptAllChangesOnSuccess)
[xUnit.net 00:00:01.18]       Microsoft.EntityFrameworkCore.DbUpdateException : An error occurred while saving the entity changes. See the inner exception for details.
[xUnit.net 00:00:01.18]       ---- Microsoft.Data.Sqlite.SqliteException : SQLite Error 19: 'FOREIGN KEY constraint failed'.
[xUnit.net 00:00:01.18]       Stack Trace:
[xUnit.net 00:00:01.18]            at Microsoft.EntityFrameworkCore.Update.ReaderModificationCommandBatch.Execute(IRelationalConnection connection)
[xUnit.net 00:00:01.18]            at Microsoft.EntityFrameworkCore.Update.Internal.BatchExecutor.Execute(IEnumerable`1 commandBatches, IRelationalConnection connection)
[xUnit.net 00:00:01.18]            at Microsoft.EntityFrameworkCore.Storage.RelationalDatabase.SaveChanges(IList`1 entries)
[xUnit.net 00:00:01.18]            at Microsoft.EntityFrameworkCore.ChangeTracking.Internal.StateManager.SaveChanges(IList`1 entriesToSave)
[xUnit.net 00:00:01.18]            at Microsoft.EntityFrameworkCore.ChangeTracking.Internal.StateManager.SaveChanges(StateManager stateManager, Boolean acceptAllChangesOnSuccess)
[xUnit.net 00:00:01.18]            at Microsoft.EntityFrameworkCore.ChangeTracking.Internal.StateManager.&lt;&gt;c.&lt;SaveChanges&gt;b__112_0(DbContext _, ValueTuple`2 t)
[xUnit.net 00:00:01.18]            at Microsoft.EntityFrameworkCore.Storage.NonRetryingExecutionStrategy.Execute[TState,TResult](TState state, Func`3 operation, Func`3 verifySucceeded)
[xUnit.net 00:00:01.18]            at Microsoft.EntityFrameworkCore.ChangeTracking.Internal.StateManager.SaveChanges(Boolean acceptAllChangesOnSuccess)
[xUnit.net 00:00:01.18]            at Microsoft.EntityFrameworkCore.DbContext.SaveChanges(Boolean acceptAllChangesOnSuccess)
[xUnit.net 00:00:01.18]            at Microsoft.EntityFrameworkCore.DbContext.SaveChanges()
[xUnit.net 00:00:01.18]         /Users/inesgomesoliveira/RiderProjects/LEI-SEM5-PI-2025-26-3DL-02- NOVO/PortProject.Api.Integration_Tests/Helpers/Utilities.cs(31,0): at PortProject.Api.Integration_Tests.Helpers.VesselTypeUtilities.ReinitializeDbForTests(PortProjectContext db)
[xUnit.net 00:00:01.18]         /Users/inesgomesoliveira/RiderProjects/LEI-SEM5-PI-2025-26-3DL-02- NOVO/PortProject.Api.Integration_Tests/VesselTypeTest.cs(56,0): at PortProject.Api.Integration_Tests.VesselTypeTest.Get_ReturnAllVesselTypes()
[xUnit.net 00:00:01.18]         --- End of stack trace from previous location ---
[xUnit.net 00:00:01.18]         ----- Inner Stack Trace -----
[xUnit.net 00:00:01.18]            at Microsoft.Data.Sqlite.SqliteException.ThrowExceptionForRC(Int32 rc, sqlite3 db)
[xUnit.net 00:00:01.18]            at Microsoft.Data.Sqlite.SqliteDataReader.NextResult()
[xUnit.net 00:00:01.18]            at Microsoft.Data.Sqlite.SqliteCommand.ExecuteReader(CommandBehavior behavior)
[xUnit.net 00:00:01.18]            at Microsoft.Data.Sqlite.SqliteCommand.ExecuteDbDataReader(CommandBehavior behavior)
[xUnit.net 00:00:01.18]            at Microsoft.EntityFrameworkCore.Storage.RelationalCommand.ExecuteReader(RelationalCommandParameterObject parameterObject)
[xUnit.net 00:00:01.18]            at Microsoft.EntityFrameworkCore.Update.ReaderModificationCommandBatch.Execute(IRelationalConnection connection)
info: Microsoft.EntityFrameworkCore.Database.Command[20101]
      Executed DbCommand (1ms) [Parameters=[@p0='?' (Size = 4), @p1='?' (DbType = Int32), @p2='?' (Size = 25), @p3='?' (DbType = Int32), @p4='?' (DbType = Int32), @p5='?' (DbType = Int32), @p6='?' (Size = 10)], CommandType='Text', CommandTimeout='30']
      INSERT INTO "VesselTypes" ("Id", "Capacity", "Description", "MaxBays", "MaxRows", "MaxTiers", "Name")
      VALUES (@p0, @p1, @p2, @p3, @p4, @p5, @p6);
info: Microsoft.EntityFrameworkCore.Database.Command[20101]
      Executed DbCommand (0ms) [Parameters=[], CommandType='Text', CommandTimeout='30']
      SELECT "v"."Id", "v"."Capacity", "v"."Description", "v"."Name", "v"."MaxBays", "v"."MaxRows", "v"."MaxTiers"
      FROM "VesselTypes" AS "v"
info: Microsoft.EntityFrameworkCore.Database.Command[20101]
      Executed DbCommand (0ms) [Parameters=[@p0='?' (Size = 4)], CommandType='Text', CommandTimeout='30']
      DELETE FROM "VesselTypes"
      WHERE "Id" = @p0
      RETURNING 1;
fail: Microsoft.EntityFrameworkCore.Database.Command[20102]
      Failed executing DbCommand (0ms) [Parameters=[@p0='?' (Size = 4)], CommandType='Text', CommandTimeout='30']
      DELETE FROM "VesselTypes"
      WHERE "Id" = @p0
      RETURNING 1;
fail: Microsoft.EntityFrameworkCore.Update[10000]
      An exception occurred in the database while saving changes for context type 'PortProject.Api.Models.PortProjectContext'.
      Microsoft.EntityFrameworkCore.DbUpdateException: An error occurred while saving the entity changes. See the inner exception for details.
       ---&gt; Microsoft.Data.Sqlite.SqliteException (0x80004005): SQLite Error 19: 'FOREIGN KEY constraint failed'.
         at Microsoft.Data.Sqlite.SqliteException.ThrowExceptionForRC(Int32 rc, sqlite3 db)
         at Microsoft.Data.Sqlite.SqliteDataReader.NextResult()
         at Microsoft.Data.Sqlite.SqliteCommand.ExecuteReader(CommandBehavior behavior)
         at Microsoft.Data.Sqlite.SqliteCommand.ExecuteDbDataReader(CommandBehavior behavior)
         at Microsoft.EntityFrameworkCore.Storage.RelationalCommand.ExecuteReader(RelationalCommandParameterObject parameterObject)
         at Microsoft.EntityFrameworkCore.Update.ReaderModificationCommandBatch.Execute(IRelationalConnection connection)
         --- End of inner exception stack trace ---
         at Microsoft.EntityFrameworkCore.Update.ReaderModificationCommandBatch.Execute(IRelationalConnection connection)
         at Microsoft.EntityFrameworkCore.Update.Internal.BatchExecutor.Execute(IEnumerable`1 commandBatches, IRelationalConnection connection)
         at Microsoft.EntityFrameworkCore.Storage.RelationalDatabase.SaveChanges(IList`1 entries)
         at Microsoft.EntityFrameworkCore.ChangeTracking.Internal.StateManager.SaveChanges(IList`1 entriesToSave)
         at Microsoft.EntityFrameworkCore.ChangeTracking.Internal.StateManager.SaveChanges(StateManager stateManager, Boolean acceptAllChangesOnSuccess)
         at Microsoft.EntityFrameworkCore.ChangeTracking.Internal.StateManager.&lt;&gt;c.&lt;SaveChanges&gt;b__112_0(DbContext _, ValueTuple`2 t)
         at Microsoft.EntityFrameworkCore.Storage.NonRetryingExecutionStrategy.Execute[TState,TResult](TState state, Func`3 operation, Func`3 verifySucceeded)
         at Microsoft.EntityFrameworkCore.ChangeTracking.Internal.StateManager.SaveChanges(Boolean acceptAllChangesOnSuccess)
         at Microsoft.EntityFrameworkCore.DbContext.SaveChanges(Boolean acceptAllChangesOnSuccess)
      Microsoft.EntityFrameworkCore.DbUpdateException: An error occurred while saving the entity changes. See the inner exception for details.
       ---&gt; Microsoft.Data.Sqlite.SqliteException (0x80004005): SQLite Error 19: 'FOREIGN KEY constraint failed'.
         at Microsoft.Data.Sqlite.SqliteException.ThrowExceptionForRC(Int32 rc, sqlite3 db)
         at Microsoft.Data.Sqlite.SqliteDataReader.NextResult()
         at Microsoft.Data.Sqlite.SqliteCommand.ExecuteReader(CommandBehavior behavior)
         at Microsoft.Data.Sqlite.SqliteCommand.ExecuteDbDataReader(CommandBehavior behavior)
         at Microsoft.EntityFrameworkCore.Storage.RelationalCommand.ExecuteReader(RelationalCommandParameterObject parameterObject)
         at Microsoft.EntityFrameworkCore.Update.ReaderModificationCommandBatch.Execute(IRelationalConnection connection)
         --- End of inner exception stack trace ---
         at Microsoft.EntityFrameworkCore.Update.ReaderModificationCommandBatch.Execute(IRelationalConnection connection)
         at Microsoft.EntityFrameworkCore.Update.Internal.BatchExecutor.Execute(IEnumerable`1 commandBatches, IRelationalConnection connection)
         at Microsoft.EntityFrameworkCore.Storage.RelationalDatabase.SaveChanges(IList`1 entries)
         at Microsoft.EntityFrameworkCore.ChangeTracking.Internal.StateManager.SaveChanges(IList`1 entriesToSave)
         at Microsoft.EntityFrameworkCore.ChangeTracking.Internal.StateManager.SaveChanges(StateManager stateManager, Boolean acceptAllChangesOnSuccess)
         at Microsoft.EntityFrameworkCore.ChangeTracking.Internal.StateManager.&lt;&gt;c.&lt;SaveChanges&gt;b__112_0(DbContext _, ValueTuple`2 t)
         at Microsoft.EntityFrameworkCore.Storage.NonRetryingExecutionStrategy.Execute[TState,TResult](TState state, Func`3 operation, Func`3 verifySucceeded)
         at Microsoft.EntityFrameworkCore.ChangeTracking.Internal.StateManager.SaveChanges(Boolean acceptAllChangesOnSuccess)
         at Microsoft.EntityFrameworkCore.DbContext.SaveChanges(Boolean acceptAllChangesOnSuccess)
[xUnit.net 00:00:01.20]       Microsoft.EntityFrameworkCore.DbUpdateException : An error occurred while saving the entity changes. See the inner exception for details.
[xUnit.net 00:00:01.20]       ---- Microsoft.Data.Sqlite.SqliteException : SQLite Error 19: 'FOREIGN KEY constraint failed'.
[xUnit.net 00:00:01.20]       Stack Trace:
[xUnit.net 00:00:01.20]            at Microsoft.EntityFrameworkCore.Update.ReaderModificationCommandBatch.Execute(IRelationalConnection connection)
[xUnit.net 00:00:01.20]            at Microsoft.EntityFrameworkCore.Update.Internal.BatchExecutor.Execute(IEnumerable`1 commandBatches, IRelationalConnection connection)
[xUnit.net 00:00:01.20]            at Microsoft.EntityFrameworkCore.Storage.RelationalDatabase.SaveChanges(IList`1 entries)
[xUnit.net 00:00:01.20]            at Microsoft.EntityFrameworkCore.ChangeTracking.Internal.StateManager.SaveChanges(IList`1 entriesToSave)
[xUnit.net 00:00:01.20]            at Microsoft.EntityFrameworkCore.ChangeTracking.Internal.StateManager.SaveChanges(StateManager stateManager, Boolean acceptAllChangesOnSuccess)
[xUnit.net 00:00:01.20]            at Microsoft.EntityFrameworkCore.ChangeTracking.Internal.StateManager.&lt;&gt;c.&lt;SaveChanges&gt;b__112_0(DbContext _, ValueTuple`2 t)
[xUnit.net 00:00:01.20]            at Microsoft.EntityFrameworkCore.Storage.NonRetryingExecutionStrategy.Execute[TState,TResult](TState state, Func`3 operation, Func`3 verifySucceeded)
[xUnit.net 00:00:01.20]            at Microsoft.EntityFrameworkCore.ChangeTracking.Internal.StateManager.SaveChanges(Boolean acceptAllChangesOnSuccess)
[xUnit.net 00:00:01.20]            at Microsoft.EntityFrameworkCore.DbContext.SaveChanges(Boolean acceptAllChangesOnSuccess)
[xUnit.net 00:00:01.20]            at Microsoft.EntityFrameworkCore.DbContext.SaveChanges()
[xUnit.net 00:00:01.20]         /Users/inesgomesoliveira/RiderProjects/LEI-SEM5-PI-2025-26-3DL-02- NOVO/PortProject.Api.Integration_Tests/Helpers/Utilities.cs(31,0): at PortProject.Api.Integration_Tests.Helpers.VesselTypeUtilities.ReinitializeDbForTests(PortProjectContext db)
[xUnit.net 00:00:01.20]         /Users/inesgomesoliveira/RiderProjects/LEI-SEM5-PI-2025-26-3DL-02- NOVO/PortProject.Api.Integration_Tests/VesselTypeTest.cs(327,0): at PortProject.Api.Integration_Tests.VesselTypeTest.Get_Search_EmptyTerm_ReturnsAllVesselTypes()
[xUnit.net 00:00:01.20]         --- End of stack trace from previous location ---
[xUnit.net 00:00:01.20]         ----- Inner Stack Trace -----
[xUnit.net 00:00:01.20]            at Microsoft.Data.Sqlite.SqliteException.ThrowExceptionForRC(Int32 rc, sqlite3 db)
[xUnit.net 00:00:01.20]            at Microsoft.Data.Sqlite.SqliteDataReader.NextResult()
[xUnit.net 00:00:01.20]            at Microsoft.Data.Sqlite.SqliteCommand.ExecuteReader(CommandBehavior behavior)
[xUnit.net 00:00:01.20]            at Microsoft.Data.Sqlite.SqliteCommand.ExecuteDbDataReader(CommandBehavior behavior)
[xUnit.net 00:00:01.20]            at Microsoft.EntityFrameworkCore.Storage.RelationalCommand.ExecuteReader(RelationalCommandParameterObject parameterObject)
[xUnit.net 00:00:01.20]            at Microsoft.EntityFrameworkCore.Update.ReaderModificationCommandBatch.Execute(IRelationalConnection connection)
[xUnit.net 00:00:01.20]   Finished:    PortProject.Api.Integration_Tests
</StdOut>
    </Output>
    <RunInfos>
      <RunInfo computerName="MacBook-Air-de-Ines-3" outcome="Error" timestamp="2025-10-21T10:47:07.4530110+01:00">
        <Text>[xUnit.net 00:00:01.12]     PortProject.Api.Integration_Tests.VesselTest.Post_CreatesVessel [FAIL]</Text>
      </RunInfo>
      <RunInfo computerName="MacBook-Air-de-Ines-3" outcome="Error" timestamp="2025-10-21T10:47:07.4548640+01:00">
        <Text>[xUnit.net 00:00:01.13]     PortProject.Api.Integration_Tests.VesselTest.Post_InvalidImo_ReturnsBadRequest [FAIL]</Text>
      </RunInfo>
      <RunInfo computerName="MacBook-Air-de-Ines-3" outcome="Error" timestamp="2025-10-21T10:47:07.4617460+01:00">
        <Text>[xUnit.net 00:00:01.13]     PortProject.Api.Integration_Tests.VesselTest.Get_ReturnAllVessels [FAIL]</Text>
      </RunInfo>
      <RunInfo computerName="MacBook-Air-de-Ines-3" outcome="Error" timestamp="2025-10-21T10:47:07.4655960+01:00">
        <Text>[xUnit.net 00:00:01.14]     PortProject.Api.Integration_Tests.VesselTest.Get_Search_ReturnsMatchingVessels [FAIL]</Text>
      </RunInfo>
      <RunInfo computerName="MacBook-Air-de-Ines-3" outcome="Error" timestamp="2025-10-21T10:47:07.4664290+01:00">
        <Text>[xUnit.net 00:00:01.14]     PortProject.Api.Integration_Tests.VesselTypeTest.Get_VesselTypeById_NotFound_Returns404 [FAIL]</Text>
      </RunInfo>
      <RunInfo computerName="MacBook-Air-de-Ines-3" outcome="Error" timestamp="2025-10-21T10:47:07.4672250+01:00">
        <Text>[xUnit.net 00:00:01.14]     PortProject.Api.Integration_Tests.VesselTest.Delete_NonExistentVessel_ReturnsNotFound [FAIL]</Text>
      </RunInfo>
      <RunInfo computerName="MacBook-Air-de-Ines-3" outcome="Error" timestamp="2025-10-21T10:47:07.4677570+01:00">
        <Text>[xUnit.net 00:00:01.14]     PortProject.Api.Integration_Tests.VesselTypeTest.Delete_RemovesVesselType [FAIL]</Text>
      </RunInfo>
      <RunInfo computerName="MacBook-Air-de-Ines-3" outcome="Error" timestamp="2025-10-21T10:47:07.5308350+01:00">
        <Text>[xUnit.net 00:00:01.16]     PortProject.Api.Integration_Tests.VesselTest.Get_VesselByImo_NotFound_Returns404 [FAIL]</Text>
      </RunInfo>
      <RunInfo computerName="MacBook-Air-de-Ines-3" outcome="Error" timestamp="2025-10-21T10:47:07.5312030+01:00">
        <Text>[xUnit.net 00:00:01.16]     PortProject.Api.Integration_Tests.VesselTest.Get_VesselByImo_ReturnsCorrectVessel [FAIL]</Text>
      </RunInfo>
      <RunInfo computerName="MacBook-Air-de-Ines-3" outcome="Error" timestamp="2025-10-21T10:47:07.5313270+01:00">
        <Text>[xUnit.net 00:00:01.16]     PortProject.Api.Integration_Tests.VesselTest.Put_UpdatesVessel [FAIL]</Text>
      </RunInfo>
      <RunInfo computerName="MacBook-Air-de-Ines-3" outcome="Error" timestamp="2025-10-21T10:47:07.5314290+01:00">
        <Text>[xUnit.net 00:00:01.16]     PortProject.Api.Integration_Tests.VesselTypeTest.Delete_NonExistentVesselType_ReturnsNotFound [FAIL]</Text>
      </RunInfo>
      <RunInfo computerName="MacBook-Air-de-Ines-3" outcome="Error" timestamp="2025-10-21T10:47:07.5316380+01:00">
        <Text>[xUnit.net 00:00:01.16]     PortProject.Api.Integration_Tests.VesselTest.Post_EmptyName_ReturnsBadRequest [FAIL]</Text>
      </RunInfo>
      <RunInfo computerName="MacBook-Air-de-Ines-3" outcome="Error" timestamp="2025-10-21T10:47:07.5317430+01:00">
        <Text>[xUnit.net 00:00:01.16]     PortProject.Api.Integration_Tests.VesselTypeTest.Get_VesselTypeById_ReturnsCorrectVesselType [FAIL]</Text>
      </RunInfo>
      <RunInfo computerName="MacBook-Air-de-Ines-3" outcome="Error" timestamp="2025-10-21T10:47:07.5324010+01:00">
        <Text>[xUnit.net 00:00:01.17]     PortProject.Api.Integration_Tests.VesselTest.Get_EndpointsReturnSuccessAndCorrectContentType(url: "/api/Vessel") [FAIL]</Text>
      </RunInfo>
      <RunInfo computerName="MacBook-Air-de-Ines-3" outcome="Error" timestamp="2025-10-21T10:47:07.5325170+01:00">
        <Text>[xUnit.net 00:00:01.17]     PortProject.Api.Integration_Tests.VesselTypeTest.Put_UpdatesVesselType [FAIL]</Text>
      </RunInfo>
      <RunInfo computerName="MacBook-Air-de-Ines-3" outcome="Error" timestamp="2025-10-21T10:47:07.5326130+01:00">
        <Text>[xUnit.net 00:00:01.17]     PortProject.Api.Integration_Tests.VesselTest.Get_Search_EmptyTerm_ReturnsAllVessels [FAIL]</Text>
      </RunInfo>
      <RunInfo computerName="MacBook-Air-de-Ines-3" outcome="Error" timestamp="2025-10-21T10:47:07.5327920+01:00">
        <Text>[xUnit.net 00:00:01.17]     PortProject.Api.Integration_Tests.VesselTypeTest.Get_Search_ReturnsMatchingVesselTypes [FAIL]</Text>
      </RunInfo>
      <RunInfo computerName="MacBook-Air-de-Ines-3" outcome="Error" timestamp="2025-10-21T10:47:07.5333190+01:00">
        <Text>[xUnit.net 00:00:01.18]     PortProject.Api.Integration_Tests.VesselTypeTest.Get_EndpointsReturnSuccessAndCorrectContentType(url: "/api/VesselType") [FAIL]</Text>
      </RunInfo>
      <RunInfo computerName="MacBook-Air-de-Ines-3" outcome="Error" timestamp="2025-10-21T10:47:07.5354210+01:00">
        <Text>[xUnit.net 00:00:01.18]     PortProject.Api.Integration_Tests.VesselTypeTest.Get_ReturnAllVesselTypes [FAIL]</Text>
      </RunInfo>
      <RunInfo computerName="MacBook-Air-de-Ines-3" outcome="Error" timestamp="2025-10-21T10:47:07.5376740+01:00">
        <Text>[xUnit.net 00:00:01.20]     PortProject.Api.Integration_Tests.VesselTypeTest.Get_Search_EmptyTerm_ReturnsAllVesselTypes [FAIL]</Text>
      </RunInfo>
    </RunInfos>
  </ResultSummary>
</TestRun>